[ 2015-08-22T16:43:56+08:00 ] 127.0.0.1 /
INFO: [ app_begin ] --START--
INFO: Run Behavior\ReadHtmlCache [ RunTime:0.000357s ]
INFO: [ app_begin ] --END-- [ RunTime:0.000664s ]
NOTIC: [2] session_start(): Cannot send session cookie - headers already sent by (output started at /Users/niuer/www/meipet/Application/Common/Conf/config.php:3) /Users/niuer/www/meipet/ThinkPHP/Common/functions.php 第 1092 行.
NOTIC: [2] session_start(): Cannot send session cache limiter - headers already sent (output started at /Users/niuer/www/meipet/Application/Common/Conf/config.php:3) /Users/niuer/www/meipet/ThinkPHP/Common/functions.php 第 1092 行.
INFO: [ view_parse ] --START--
INFO: [ template_filter ] --START--
INFO: Run Behavior\ContentReplace [ RunTime:0.000070s ]
INFO: [ template_filter ] --END-- [ RunTime:0.000117s ]
INFO: Run Behavior\ParseTemplate [ RunTime:0.013467s ]
INFO: [ view_parse ] --END-- [ RunTime:0.013523s ]
INFO: [ view_filter ] --START--
INFO: Run Behavior\WriteHtmlCache [ RunTime:0.000089s ]
INFO: [ view_filter ] --END-- [ RunTime:0.000112s ]
NOTIC: [2] Cannot modify header information - headers already sent by (output started at /Users/niuer/www/meipet/Application/Common/Conf/config.php:3) /Users/niuer/www/meipet/ThinkPHP/Library/Think/View.class.php 第 91 行.
NOTIC: [2] Cannot modify header information - headers already sent by (output started at /Users/niuer/www/meipet/Application/Common/Conf/config.php:3) /Users/niuer/www/meipet/ThinkPHP/Library/Think/View.class.php 第 92 行.
NOTIC: [2] Cannot modify header information - headers already sent by (output started at /Users/niuer/www/meipet/Application/Common/Conf/config.php:3) /Users/niuer/www/meipet/ThinkPHP/Library/Think/View.class.php 第 93 行.
INFO: [ app_end ] --START--
INFO: Run Behavior\ShowPageTrace [ RunTime:0.000284s ]
INFO: [ app_end ] --END-- [ RunTime:0.000320s ]

[ 2015-08-22T16:43:57+08:00 ] 127.0.0.1 /
INFO: [ app_begin ] --START--
INFO: Run Behavior\ReadHtmlCache [ RunTime:0.000240s ]
INFO: [ app_begin ] --END-- [ RunTime:0.000435s ]
NOTIC: [2] session_start(): Cannot send session cookie - headers already sent by (output started at /Users/niuer/www/meipet/Application/Common/Conf/config.php:3) /Users/niuer/www/meipet/ThinkPHP/Common/functions.php 第 1092 行.
NOTIC: [2] session_start(): Cannot send session cache limiter - headers already sent (output started at /Users/niuer/www/meipet/Application/Common/Conf/config.php:3) /Users/niuer/www/meipet/ThinkPHP/Common/functions.php 第 1092 行.
INFO: [ view_parse ] --START--
INFO: [ template_filter ] --START--
INFO: Run Behavior\ContentReplace [ RunTime:0.000044s ]
INFO: [ template_filter ] --END-- [ RunTime:0.000099s ]
INFO: Run Behavior\ParseTemplate [ RunTime:0.012613s ]
INFO: [ view_parse ] --END-- [ RunTime:0.012664s ]
INFO: [ view_filter ] --START--
INFO: Run Behavior\WriteHtmlCache [ RunTime:0.000096s ]
INFO: [ view_filter ] --END-- [ RunTime:0.000122s ]
NOTIC: [2] Cannot modify header information - headers already sent by (output started at /Users/niuer/www/meipet/Application/Common/Conf/config.php:3) /Users/niuer/www/meipet/ThinkPHP/Library/Think/View.class.php 第 91 行.
NOTIC: [2] Cannot modify header information - headers already sent by (output started at /Users/niuer/www/meipet/Application/Common/Conf/config.php:3) /Users/niuer/www/meipet/ThinkPHP/Library/Think/View.class.php 第 92 行.
NOTIC: [2] Cannot modify header information - headers already sent by (output started at /Users/niuer/www/meipet/Application/Common/Conf/config.php:3) /Users/niuer/www/meipet/ThinkPHP/Library/Think/View.class.php 第 93 行.
INFO: [ app_end ] --START--
INFO: Run Behavior\ShowPageTrace [ RunTime:0.000489s ]
INFO: [ app_end ] --END-- [ RunTime:0.000560s ]

[ 2015-08-22T16:44:13+08:00 ] 127.0.0.1 /
INFO: [ app_begin ] --START--
INFO: Run Behavior\ReadHtmlCache [ RunTime:0.000362s ]
INFO: [ app_begin ] --END-- [ RunTime:0.000698s ]
NOTIC: [2] session_start(): Cannot send session cookie - headers already sent by (output started at /Users/niuer/www/meipet/Application/Common/Conf/config.php:3) /Users/niuer/www/meipet/ThinkPHP/Common/functions.php 第 1092 行.
NOTIC: [2] session_start(): Cannot send session cache limiter - headers already sent (output started at /Users/niuer/www/meipet/Application/Common/Conf/config.php:3) /Users/niuer/www/meipet/ThinkPHP/Common/functions.php 第 1092 行.
INFO: [ view_parse ] --START--
INFO: [ template_filter ] --START--
INFO: Run Behavior\ContentReplace [ RunTime:0.000088s ]
INFO: [ template_filter ] --END-- [ RunTime:0.000181s ]
INFO: Run Behavior\ParseTemplate [ RunTime:0.010662s ]
INFO: [ view_parse ] --END-- [ RunTime:0.010777s ]
INFO: [ view_filter ] --START--
INFO: Run Behavior\WriteHtmlCache [ RunTime:0.000373s ]
INFO: [ view_filter ] --END-- [ RunTime:0.000483s ]
NOTIC: [2] Cannot modify header information - headers already sent by (output started at /Users/niuer/www/meipet/Application/Common/Conf/config.php:3) /Users/niuer/www/meipet/ThinkPHP/Library/Think/View.class.php 第 91 行.
NOTIC: [2] Cannot modify header information - headers already sent by (output started at /Users/niuer/www/meipet/Application/Common/Conf/config.php:3) /Users/niuer/www/meipet/ThinkPHP/Library/Think/View.class.php 第 92 行.
NOTIC: [2] Cannot modify header information - headers already sent by (output started at /Users/niuer/www/meipet/Application/Common/Conf/config.php:3) /Users/niuer/www/meipet/ThinkPHP/Library/Think/View.class.php 第 93 行.
INFO: [ app_end ] --START--
INFO: Run Behavior\ShowPageTrace [ RunTime:0.000875s ]
INFO: [ app_end ] --END-- [ RunTime:0.000999s ]

[ 2015-08-22T16:44:14+08:00 ] 127.0.0.1 /
INFO: [ app_begin ] --START--
INFO: Run Behavior\ReadHtmlCache [ RunTime:0.000224s ]
INFO: [ app_begin ] --END-- [ RunTime:0.000400s ]
NOTIC: [2] session_start(): Cannot send session cookie - headers already sent by (output started at /Users/niuer/www/meipet/Application/Common/Conf/config.php:3) /Users/niuer/www/meipet/ThinkPHP/Common/functions.php 第 1092 行.
NOTIC: [2] session_start(): Cannot send session cache limiter - headers already sent (output started at /Users/niuer/www/meipet/Application/Common/Conf/config.php:3) /Users/niuer/www/meipet/ThinkPHP/Common/functions.php 第 1092 行.
INFO: [ view_parse ] --START--
INFO: [ template_filter ] --START--
INFO: Run Behavior\ContentReplace [ RunTime:0.000037s ]
INFO: [ template_filter ] --END-- [ RunTime:0.000078s ]
INFO: Run Behavior\ParseTemplate [ RunTime:0.007362s ]
INFO: [ view_parse ] --END-- [ RunTime:0.007408s ]
INFO: [ view_filter ] --START--
INFO: Run Behavior\WriteHtmlCache [ RunTime:0.000081s ]
INFO: [ view_filter ] --END-- [ RunTime:0.000104s ]
NOTIC: [2] Cannot modify header information - headers already sent by (output started at /Users/niuer/www/meipet/Application/Common/Conf/config.php:3) /Users/niuer/www/meipet/ThinkPHP/Library/Think/View.class.php 第 91 行.
NOTIC: [2] Cannot modify header information - headers already sent by (output started at /Users/niuer/www/meipet/Application/Common/Conf/config.php:3) /Users/niuer/www/meipet/ThinkPHP/Library/Think/View.class.php 第 92 行.
NOTIC: [2] Cannot modify header information - headers already sent by (output started at /Users/niuer/www/meipet/Application/Common/Conf/config.php:3) /Users/niuer/www/meipet/ThinkPHP/Library/Think/View.class.php 第 93 行.
INFO: [ app_end ] --START--
INFO: Run Behavior\ShowPageTrace [ RunTime:0.000313s ]
INFO: [ app_end ] --END-- [ RunTime:0.000347s ]

[ 2015-08-22T20:55:50+08:00 ] 127.0.0.1 /index.php/Home/Log/index
INFO: [ app_begin ] --START--
INFO: Run Behavior\ReadHtmlCache [ RunTime:0.000483s ]
INFO: [ app_begin ] --END-- [ RunTime:0.006568s ]
NOTIC: [2] session_start(): Cannot send session cookie - headers already sent by (output started at /Users/niuer/www/meipet/Application/Common/Conf/config.php:3) /Users/niuer/www/meipet/ThinkPHP/Common/functions.php 第 1092 行.
NOTIC: [2] session_start(): Cannot send session cache limiter - headers already sent (output started at /Users/niuer/www/meipet/Application/Common/Conf/config.php:3) /Users/niuer/www/meipet/ThinkPHP/Common/functions.php 第 1092 行.
NOTIC: [2] Cannot modify header information - headers already sent by (output started at /Users/niuer/www/meipet/Application/Common/Conf/config.php:3) /Users/niuer/www/meipet/Application/Home/Controller/LogController.class.php 第 12 行.
INFO: [ view_parse ] --START--
INFO: [ template_filter ] --START--
INFO: Run Behavior\ContentReplace [ RunTime:0.000024s ]
INFO: [ template_filter ] --END-- [ RunTime:0.000075s ]
INFO: Run Behavior\ParseTemplate [ RunTime:0.007785s ]
INFO: [ view_parse ] --END-- [ RunTime:0.007823s ]
INFO: [ view_filter ] --START--
INFO: Run Behavior\WriteHtmlCache [ RunTime:0.000095s ]
INFO: [ view_filter ] --END-- [ RunTime:0.000121s ]
NOTIC: [2] Cannot modify header information - headers already sent by (output started at /Users/niuer/www/meipet/Application/Common/Conf/config.php:3) /Users/niuer/www/meipet/ThinkPHP/Library/Think/View.class.php 第 91 行.
NOTIC: [2] Cannot modify header information - headers already sent by (output started at /Users/niuer/www/meipet/Application/Common/Conf/config.php:3) /Users/niuer/www/meipet/ThinkPHP/Library/Think/View.class.php 第 92 行.
NOTIC: [2] Cannot modify header information - headers already sent by (output started at /Users/niuer/www/meipet/Application/Common/Conf/config.php:3) /Users/niuer/www/meipet/ThinkPHP/Library/Think/View.class.php 第 93 行.
INFO: [ app_end ] --START--
INFO: Run Behavior\ShowPageTrace [ RunTime:0.000277s ]
INFO: [ app_end ] --END-- [ RunTime:0.000305s ]

[ 2015-08-22T20:55:55+08:00 ] 127.0.0.1 /index.php/Home/Log/index
INFO: [ app_begin ] --START--
INFO: Run Behavior\ReadHtmlCache [ RunTime:0.000219s ]
INFO: [ app_begin ] --END-- [ RunTime:0.000395s ]
NOTIC: [2] session_start(): Cannot send session cookie - headers already sent by (output started at /Users/niuer/www/meipet/Application/Common/Conf/config.php:3) /Users/niuer/www/meipet/ThinkPHP/Common/functions.php 第 1092 行.
NOTIC: [2] session_start(): Cannot send session cache limiter - headers already sent (output started at /Users/niuer/www/meipet/Application/Common/Conf/config.php:3) /Users/niuer/www/meipet/ThinkPHP/Common/functions.php 第 1092 行.
NOTIC: [2] Cannot modify header information - headers already sent by (output started at /Users/niuer/www/meipet/Application/Common/Conf/config.php:3) /Users/niuer/www/meipet/Application/Home/Controller/LogController.class.php 第 12 行.
INFO: [ view_parse ] --START--
INFO: [ template_filter ] --START--
INFO: Run Behavior\ContentReplace [ RunTime:0.000018s ]
INFO: [ template_filter ] --END-- [ RunTime:0.000052s ]
INFO: Run Behavior\ParseTemplate [ RunTime:0.002721s ]
INFO: [ view_parse ] --END-- [ RunTime:0.002751s ]
INFO: [ view_filter ] --START--
INFO: Run Behavior\WriteHtmlCache [ RunTime:0.000068s ]
INFO: [ view_filter ] --END-- [ RunTime:0.000090s ]
NOTIC: [2] Cannot modify header information - headers already sent by (output started at /Users/niuer/www/meipet/Application/Common/Conf/config.php:3) /Users/niuer/www/meipet/ThinkPHP/Library/Think/View.class.php 第 91 行.
NOTIC: [2] Cannot modify header information - headers already sent by (output started at /Users/niuer/www/meipet/Application/Common/Conf/config.php:3) /Users/niuer/www/meipet/ThinkPHP/Library/Think/View.class.php 第 92 行.
NOTIC: [2] Cannot modify header information - headers already sent by (output started at /Users/niuer/www/meipet/Application/Common/Conf/config.php:3) /Users/niuer/www/meipet/ThinkPHP/Library/Think/View.class.php 第 93 行.
INFO: [ app_end ] --START--
INFO: Run Behavior\ShowPageTrace [ RunTime:0.000227s ]
INFO: [ app_end ] --END-- [ RunTime:0.000252s ]

[ 2015-08-22T20:55:55+08:00 ] 127.0.0.1 /index.php/Home/Log/index
INFO: [ app_begin ] --START--
INFO: Run Behavior\ReadHtmlCache [ RunTime:0.000220s ]
INFO: [ app_begin ] --END-- [ RunTime:0.000396s ]
NOTIC: [2] session_start(): Cannot send session cookie - headers already sent by (output started at /Users/niuer/www/meipet/Application/Common/Conf/config.php:3) /Users/niuer/www/meipet/ThinkPHP/Common/functions.php 第 1092 行.
NOTIC: [2] session_start(): Cannot send session cache limiter - headers already sent (output started at /Users/niuer/www/meipet/Application/Common/Conf/config.php:3) /Users/niuer/www/meipet/ThinkPHP/Common/functions.php 第 1092 行.
NOTIC: [2] Cannot modify header information - headers already sent by (output started at /Users/niuer/www/meipet/Application/Common/Conf/config.php:3) /Users/niuer/www/meipet/Application/Home/Controller/LogController.class.php 第 12 行.
INFO: [ view_parse ] --START--
INFO: [ template_filter ] --START--
INFO: Run Behavior\ContentReplace [ RunTime:0.000020s ]
INFO: [ template_filter ] --END-- [ RunTime:0.000057s ]
INFO: Run Behavior\ParseTemplate [ RunTime:0.003596s ]
INFO: [ view_parse ] --END-- [ RunTime:0.003637s ]
INFO: [ view_filter ] --START--
INFO: Run Behavior\WriteHtmlCache [ RunTime:0.000078s ]
INFO: [ view_filter ] --END-- [ RunTime:0.000103s ]
NOTIC: [2] Cannot modify header information - headers already sent by (output started at /Users/niuer/www/meipet/Application/Common/Conf/config.php:3) /Users/niuer/www/meipet/ThinkPHP/Library/Think/View.class.php 第 91 行.
NOTIC: [2] Cannot modify header information - headers already sent by (output started at /Users/niuer/www/meipet/Application/Common/Conf/config.php:3) /Users/niuer/www/meipet/ThinkPHP/Library/Think/View.class.php 第 92 行.
NOTIC: [2] Cannot modify header information - headers already sent by (output started at /Users/niuer/www/meipet/Application/Common/Conf/config.php:3) /Users/niuer/www/meipet/ThinkPHP/Library/Think/View.class.php 第 93 行.
INFO: [ app_end ] --START--
INFO: Run Behavior\ShowPageTrace [ RunTime:0.000256s ]
INFO: [ app_end ] --END-- [ RunTime:0.000286s ]

[ 2015-08-22T20:55:56+08:00 ] 127.0.0.1 /index.php/Home/Log/index
INFO: [ app_begin ] --START--
INFO: Run Behavior\ReadHtmlCache [ RunTime:0.000225s ]
INFO: [ app_begin ] --END-- [ RunTime:0.000411s ]
NOTIC: [2] session_start(): Cannot send session cookie - headers already sent by (output started at /Users/niuer/www/meipet/Application/Common/Conf/config.php:3) /Users/niuer/www/meipet/ThinkPHP/Common/functions.php 第 1092 行.
NOTIC: [2] session_start(): Cannot send session cache limiter - headers already sent (output started at /Users/niuer/www/meipet/Application/Common/Conf/config.php:3) /Users/niuer/www/meipet/ThinkPHP/Common/functions.php 第 1092 行.
NOTIC: [2] Cannot modify header information - headers already sent by (output started at /Users/niuer/www/meipet/Application/Common/Conf/config.php:3) /Users/niuer/www/meipet/Application/Home/Controller/LogController.class.php 第 12 行.
INFO: [ view_parse ] --START--
INFO: [ template_filter ] --START--
INFO: Run Behavior\ContentReplace [ RunTime:0.000019s ]
INFO: [ template_filter ] --END-- [ RunTime:0.000057s ]
INFO: Run Behavior\ParseTemplate [ RunTime:0.003231s ]
INFO: [ view_parse ] --END-- [ RunTime:0.003274s ]
INFO: [ view_filter ] --START--
INFO: Run Behavior\WriteHtmlCache [ RunTime:0.000077s ]
INFO: [ view_filter ] --END-- [ RunTime:0.000103s ]
NOTIC: [2] Cannot modify header information - headers already sent by (output started at /Users/niuer/www/meipet/Application/Common/Conf/config.php:3) /Users/niuer/www/meipet/ThinkPHP/Library/Think/View.class.php 第 91 行.
NOTIC: [2] Cannot modify header information - headers already sent by (output started at /Users/niuer/www/meipet/Application/Common/Conf/config.php:3) /Users/niuer/www/meipet/ThinkPHP/Library/Think/View.class.php 第 92 行.
NOTIC: [2] Cannot modify header information - headers already sent by (output started at /Users/niuer/www/meipet/Application/Common/Conf/config.php:3) /Users/niuer/www/meipet/ThinkPHP/Library/Think/View.class.php 第 93 行.
INFO: [ app_end ] --START--
INFO: Run Behavior\ShowPageTrace [ RunTime:0.000256s ]
INFO: [ app_end ] --END-- [ RunTime:0.000285s ]

[ 2015-08-22T20:55:56+08:00 ] 127.0.0.1 /index.php/Home/Log/index
INFO: [ app_begin ] --START--
INFO: Run Behavior\ReadHtmlCache [ RunTime:0.000221s ]
INFO: [ app_begin ] --END-- [ RunTime:0.000410s ]
NOTIC: [2] session_start(): Cannot send session cookie - headers already sent by (output started at /Users/niuer/www/meipet/Application/Common/Conf/config.php:3) /Users/niuer/www/meipet/ThinkPHP/Common/functions.php 第 1092 行.
NOTIC: [2] session_start(): Cannot send session cache limiter - headers already sent (output started at /Users/niuer/www/meipet/Application/Common/Conf/config.php:3) /Users/niuer/www/meipet/ThinkPHP/Common/functions.php 第 1092 行.
NOTIC: [2] Cannot modify header information - headers already sent by (output started at /Users/niuer/www/meipet/Application/Common/Conf/config.php:3) /Users/niuer/www/meipet/Application/Home/Controller/LogController.class.php 第 12 行.
INFO: [ view_parse ] --START--
INFO: [ template_filter ] --START--
INFO: Run Behavior\ContentReplace [ RunTime:0.000022s ]
INFO: [ template_filter ] --END-- [ RunTime:0.000070s ]
INFO: Run Behavior\ParseTemplate [ RunTime:0.003538s ]
INFO: [ view_parse ] --END-- [ RunTime:0.003577s ]
INFO: [ view_filter ] --START--
INFO: Run Behavior\WriteHtmlCache [ RunTime:0.000088s ]
INFO: [ view_filter ] --END-- [ RunTime:0.000117s ]
NOTIC: [2] Cannot modify header information - headers already sent by (output started at /Users/niuer/www/meipet/Application/Common/Conf/config.php:3) /Users/niuer/www/meipet/ThinkPHP/Library/Think/View.class.php 第 91 行.
NOTIC: [2] Cannot modify header information - headers already sent by (output started at /Users/niuer/www/meipet/Application/Common/Conf/config.php:3) /Users/niuer/www/meipet/ThinkPHP/Library/Think/View.class.php 第 92 行.
NOTIC: [2] Cannot modify header information - headers already sent by (output started at /Users/niuer/www/meipet/Application/Common/Conf/config.php:3) /Users/niuer/www/meipet/ThinkPHP/Library/Think/View.class.php 第 93 行.
INFO: [ app_end ] --START--
INFO: Run Behavior\ShowPageTrace [ RunTime:0.000385s ]
INFO: [ app_end ] --END-- [ RunTime:0.000425s ]

[ 2015-08-22T20:55:56+08:00 ] 127.0.0.1 /index.php/Home/Log/index
INFO: [ app_begin ] --START--
INFO: Run Behavior\ReadHtmlCache [ RunTime:0.000271s ]
INFO: [ app_begin ] --END-- [ RunTime:0.000494s ]
NOTIC: [2] session_start(): Cannot send session cookie - headers already sent by (output started at /Users/niuer/www/meipet/Application/Common/Conf/config.php:3) /Users/niuer/www/meipet/ThinkPHP/Common/functions.php 第 1092 行.
NOTIC: [2] session_start(): Cannot send session cache limiter - headers already sent (output started at /Users/niuer/www/meipet/Application/Common/Conf/config.php:3) /Users/niuer/www/meipet/ThinkPHP/Common/functions.php 第 1092 行.
NOTIC: [2] Cannot modify header information - headers already sent by (output started at /Users/niuer/www/meipet/Application/Common/Conf/config.php:3) /Users/niuer/www/meipet/Application/Home/Controller/LogController.class.php 第 12 行.
INFO: [ view_parse ] --START--
INFO: [ template_filter ] --START--
INFO: Run Behavior\ContentReplace [ RunTime:0.000053s ]
INFO: [ template_filter ] --END-- [ RunTime:0.000178s ]
INFO: Run Behavior\ParseTemplate [ RunTime:0.006138s ]
INFO: [ view_parse ] --END-- [ RunTime:0.006252s ]
INFO: [ view_filter ] --START--
INFO: Run Behavior\WriteHtmlCache [ RunTime:0.000267s ]
INFO: [ view_filter ] --END-- [ RunTime:0.000372s ]
NOTIC: [2] Cannot modify header information - headers already sent by (output started at /Users/niuer/www/meipet/Application/Common/Conf/config.php:3) /Users/niuer/www/meipet/ThinkPHP/Library/Think/View.class.php 第 91 行.
NOTIC: [2] Cannot modify header information - headers already sent by (output started at /Users/niuer/www/meipet/Application/Common/Conf/config.php:3) /Users/niuer/www/meipet/ThinkPHP/Library/Think/View.class.php 第 92 行.
NOTIC: [2] Cannot modify header information - headers already sent by (output started at /Users/niuer/www/meipet/Application/Common/Conf/config.php:3) /Users/niuer/www/meipet/ThinkPHP/Library/Think/View.class.php 第 93 行.
INFO: [ app_end ] --START--
INFO: Run Behavior\ShowPageTrace [ RunTime:0.001111s ]
INFO: [ app_end ] --END-- [ RunTime:0.001221s ]

[ 2015-08-22T20:55:56+08:00 ] 127.0.0.1 /index.php/Home/Log/index
INFO: [ app_begin ] --START--
INFO: Run Behavior\ReadHtmlCache [ RunTime:0.000716s ]
INFO: [ app_begin ] --END-- [ RunTime:0.001131s ]
NOTIC: [2] session_start(): Cannot send session cookie - headers already sent by (output started at /Users/niuer/www/meipet/Application/Common/Conf/config.php:3) /Users/niuer/www/meipet/ThinkPHP/Common/functions.php 第 1092 行.
NOTIC: [2] session_start(): Cannot send session cache limiter - headers already sent (output started at /Users/niuer/www/meipet/Application/Common/Conf/config.php:3) /Users/niuer/www/meipet/ThinkPHP/Common/functions.php 第 1092 行.
NOTIC: [2] Cannot modify header information - headers already sent by (output started at /Users/niuer/www/meipet/Application/Common/Conf/config.php:3) /Users/niuer/www/meipet/Application/Home/Controller/LogController.class.php 第 12 行.
INFO: [ view_parse ] --START--
INFO: [ template_filter ] --START--
INFO: Run Behavior\ContentReplace [ RunTime:0.000022s ]
INFO: [ template_filter ] --END-- [ RunTime:0.000073s ]
INFO: Run Behavior\ParseTemplate [ RunTime:0.004750s ]
INFO: [ view_parse ] --END-- [ RunTime:0.004791s ]
INFO: [ view_filter ] --START--
INFO: Run Behavior\WriteHtmlCache [ RunTime:0.000083s ]
INFO: [ view_filter ] --END-- [ RunTime:0.000108s ]
NOTIC: [2] Cannot modify header information - headers already sent by (output started at /Users/niuer/www/meipet/Application/Common/Conf/config.php:3) /Users/niuer/www/meipet/ThinkPHP/Library/Think/View.class.php 第 91 行.
NOTIC: [2] Cannot modify header information - headers already sent by (output started at /Users/niuer/www/meipet/Application/Common/Conf/config.php:3) /Users/niuer/www/meipet/ThinkPHP/Library/Think/View.class.php 第 92 行.
NOTIC: [2] Cannot modify header information - headers already sent by (output started at /Users/niuer/www/meipet/Application/Common/Conf/config.php:3) /Users/niuer/www/meipet/ThinkPHP/Library/Think/View.class.php 第 93 行.
INFO: [ app_end ] --START--
INFO: Run Behavior\ShowPageTrace [ RunTime:0.000467s ]
INFO: [ app_end ] --END-- [ RunTime:0.000597s ]

[ 2015-08-22T20:55:56+08:00 ] 127.0.0.1 /index.php/Home/Log/index
INFO: [ app_begin ] --START--
INFO: Run Behavior\ReadHtmlCache [ RunTime:0.000303s ]
INFO: [ app_begin ] --END-- [ RunTime:0.000577s ]
NOTIC: [2] session_start(): Cannot send session cookie - headers already sent by (output started at /Users/niuer/www/meipet/Application/Common/Conf/config.php:3) /Users/niuer/www/meipet/ThinkPHP/Common/functions.php 第 1092 行.
NOTIC: [2] session_start(): Cannot send session cache limiter - headers already sent (output started at /Users/niuer/www/meipet/Application/Common/Conf/config.php:3) /Users/niuer/www/meipet/ThinkPHP/Common/functions.php 第 1092 行.
NOTIC: [2] Cannot modify header information - headers already sent by (output started at /Users/niuer/www/meipet/Application/Common/Conf/config.php:3) /Users/niuer/www/meipet/Application/Home/Controller/LogController.class.php 第 12 行.
INFO: [ view_parse ] --START--
INFO: [ template_filter ] --START--
INFO: Run Behavior\ContentReplace [ RunTime:0.000018s ]
INFO: [ template_filter ] --END-- [ RunTime:0.000053s ]
INFO: Run Behavior\ParseTemplate [ RunTime:0.002884s ]
INFO: [ view_parse ] --END-- [ RunTime:0.002926s ]
INFO: [ view_filter ] --START--
INFO: Run Behavior\WriteHtmlCache [ RunTime:0.000101s ]
INFO: [ view_filter ] --END-- [ RunTime:0.000135s ]
NOTIC: [2] Cannot modify header information - headers already sent by (output started at /Users/niuer/www/meipet/Application/Common/Conf/config.php:3) /Users/niuer/www/meipet/ThinkPHP/Library/Think/View.class.php 第 91 行.
NOTIC: [2] Cannot modify header information - headers already sent by (output started at /Users/niuer/www/meipet/Application/Common/Conf/config.php:3) /Users/niuer/www/meipet/ThinkPHP/Library/Think/View.class.php 第 92 行.
NOTIC: [2] Cannot modify header information - headers already sent by (output started at /Users/niuer/www/meipet/Application/Common/Conf/config.php:3) /Users/niuer/www/meipet/ThinkPHP/Library/Think/View.class.php 第 93 行.
INFO: [ app_end ] --START--
INFO: Run Behavior\ShowPageTrace [ RunTime:0.000253s ]
INFO: [ app_end ] --END-- [ RunTime:0.000284s ]

[ 2015-08-22T20:55:56+08:00 ] 127.0.0.1 /index.php/Home/Log/index
INFO: [ app_begin ] --START--
INFO: Run Behavior\ReadHtmlCache [ RunTime:0.000986s ]
INFO: [ app_begin ] --END-- [ RunTime:0.002108s ]
NOTIC: [2] session_start(): Cannot send session cookie - headers already sent by (output started at /Users/niuer/www/meipet/Application/Common/Conf/config.php:3) /Users/niuer/www/meipet/ThinkPHP/Common/functions.php 第 1092 行.
NOTIC: [2] session_start(): Cannot send session cache limiter - headers already sent (output started at /Users/niuer/www/meipet/Application/Common/Conf/config.php:3) /Users/niuer/www/meipet/ThinkPHP/Common/functions.php 第 1092 行.
NOTIC: [2] Cannot modify header information - headers already sent by (output started at /Users/niuer/www/meipet/Application/Common/Conf/config.php:3) /Users/niuer/www/meipet/Application/Home/Controller/LogController.class.php 第 12 行.
INFO: [ view_parse ] --START--
INFO: [ template_filter ] --START--
INFO: Run Behavior\ContentReplace [ RunTime:0.000035s ]
INFO: [ template_filter ] --END-- [ RunTime:0.000114s ]
INFO: Run Behavior\ParseTemplate [ RunTime:0.006051s ]
INFO: [ view_parse ] --END-- [ RunTime:0.006148s ]
INFO: [ view_filter ] --START--
INFO: Run Behavior\WriteHtmlCache [ RunTime:0.000191s ]
INFO: [ view_filter ] --END-- [ RunTime:0.000249s ]
NOTIC: [2] Cannot modify header information - headers already sent by (output started at /Users/niuer/www/meipet/Application/Common/Conf/config.php:3) /Users/niuer/www/meipet/ThinkPHP/Library/Think/View.class.php 第 91 行.
NOTIC: [2] Cannot modify header information - headers already sent by (output started at /Users/niuer/www/meipet/Application/Common/Conf/config.php:3) /Users/niuer/www/meipet/ThinkPHP/Library/Think/View.class.php 第 92 行.
NOTIC: [2] Cannot modify header information - headers already sent by (output started at /Users/niuer/www/meipet/Application/Common/Conf/config.php:3) /Users/niuer/www/meipet/ThinkPHP/Library/Think/View.class.php 第 93 行.
INFO: [ app_end ] --START--
INFO: Run Behavior\ShowPageTrace [ RunTime:0.000500s ]
INFO: [ app_end ] --END-- [ RunTime:0.000566s ]

[ 2015-08-22T20:55:56+08:00 ] 127.0.0.1 /index.php/Home/Log/index
INFO: [ app_begin ] --START--
INFO: Run Behavior\ReadHtmlCache [ RunTime:0.000305s ]
INFO: [ app_begin ] --END-- [ RunTime:0.000493s ]
NOTIC: [2] session_start(): Cannot send session cookie - headers already sent by (output started at /Users/niuer/www/meipet/Application/Common/Conf/config.php:3) /Users/niuer/www/meipet/ThinkPHP/Common/functions.php 第 1092 行.
NOTIC: [2] session_start(): Cannot send session cache limiter - headers already sent (output started at /Users/niuer/www/meipet/Application/Common/Conf/config.php:3) /Users/niuer/www/meipet/ThinkPHP/Common/functions.php 第 1092 行.
NOTIC: [2] Cannot modify header information - headers already sent by (output started at /Users/niuer/www/meipet/Application/Common/Conf/config.php:3) /Users/niuer/www/meipet/Application/Home/Controller/LogController.class.php 第 12 行.
INFO: [ view_parse ] --START--
INFO: [ template_filter ] --START--
INFO: Run Behavior\ContentReplace [ RunTime:0.000018s ]
INFO: [ template_filter ] --END-- [ RunTime:0.000053s ]
INFO: Run Behavior\ParseTemplate [ RunTime:0.002962s ]
INFO: [ view_parse ] --END-- [ RunTime:0.002993s ]
INFO: [ view_filter ] --START--
INFO: Run Behavior\WriteHtmlCache [ RunTime:0.000073s ]
INFO: [ view_filter ] --END-- [ RunTime:0.000096s ]
NOTIC: [2] Cannot modify header information - headers already sent by (output started at /Users/niuer/www/meipet/Application/Common/Conf/config.php:3) /Users/niuer/www/meipet/ThinkPHP/Library/Think/View.class.php 第 91 行.
NOTIC: [2] Cannot modify header information - headers already sent by (output started at /Users/niuer/www/meipet/Application/Common/Conf/config.php:3) /Users/niuer/www/meipet/ThinkPHP/Library/Think/View.class.php 第 92 行.
NOTIC: [2] Cannot modify header information - headers already sent by (output started at /Users/niuer/www/meipet/Application/Common/Conf/config.php:3) /Users/niuer/www/meipet/ThinkPHP/Library/Think/View.class.php 第 93 行.
INFO: [ app_end ] --START--
INFO: Run Behavior\ShowPageTrace [ RunTime:0.000263s ]
INFO: [ app_end ] --END-- [ RunTime:0.000290s ]

[ 2015-08-22T20:55:56+08:00 ] 127.0.0.1 /index.php/Home/Log/index
INFO: [ app_begin ] --START--
INFO: Run Behavior\ReadHtmlCache [ RunTime:0.000479s ]
INFO: [ app_begin ] --END-- [ RunTime:0.000818s ]
NOTIC: [2] session_start(): Cannot send session cookie - headers already sent by (output started at /Users/niuer/www/meipet/Application/Common/Conf/config.php:3) /Users/niuer/www/meipet/ThinkPHP/Common/functions.php 第 1092 行.
NOTIC: [2] session_start(): Cannot send session cache limiter - headers already sent (output started at /Users/niuer/www/meipet/Application/Common/Conf/config.php:3) /Users/niuer/www/meipet/ThinkPHP/Common/functions.php 第 1092 行.
NOTIC: [2] Cannot modify header information - headers already sent by (output started at /Users/niuer/www/meipet/Application/Common/Conf/config.php:3) /Users/niuer/www/meipet/Application/Home/Controller/LogController.class.php 第 12 行.
INFO: [ view_parse ] --START--
INFO: [ template_filter ] --START--
INFO: Run Behavior\ContentReplace [ RunTime:0.000037s ]
INFO: [ template_filter ] --END-- [ RunTime:0.000116s ]
INFO: Run Behavior\ParseTemplate [ RunTime:0.005383s ]
INFO: [ view_parse ] --END-- [ RunTime:0.005478s ]
INFO: [ view_filter ] --START--
INFO: Run Behavior\WriteHtmlCache [ RunTime:0.000449s ]
INFO: [ view_filter ] --END-- [ RunTime:0.000682s ]
NOTIC: [2] Cannot modify header information - headers already sent by (output started at /Users/niuer/www/meipet/Application/Common/Conf/config.php:3) /Users/niuer/www/meipet/ThinkPHP/Library/Think/View.class.php 第 91 行.
NOTIC: [2] Cannot modify header information - headers already sent by (output started at /Users/niuer/www/meipet/Application/Common/Conf/config.php:3) /Users/niuer/www/meipet/ThinkPHP/Library/Think/View.class.php 第 92 行.
NOTIC: [2] Cannot modify header information - headers already sent by (output started at /Users/niuer/www/meipet/Application/Common/Conf/config.php:3) /Users/niuer/www/meipet/ThinkPHP/Library/Think/View.class.php 第 93 行.
INFO: [ app_end ] --START--
INFO: Run Behavior\ShowPageTrace [ RunTime:0.001102s ]
INFO: [ app_end ] --END-- [ RunTime:0.001230s ]

[ 2015-08-22T21:33:04+08:00 ] 127.0.0.1 /
INFO: [ app_begin ] --START--
INFO: Run Behavior\ReadHtmlCache [ RunTime:0.000224s ]
INFO: [ app_begin ] --END-- [ RunTime:0.000402s ]
NOTIC: [2] session_start(): Cannot send session cookie - headers already sent by (output started at /Users/niuer/www/meipet/Application/Common/Conf/config.php:3) /Users/niuer/www/meipet/ThinkPHP/Common/functions.php 第 1092 行.
NOTIC: [2] session_start(): Cannot send session cache limiter - headers already sent (output started at /Users/niuer/www/meipet/Application/Common/Conf/config.php:3) /Users/niuer/www/meipet/ThinkPHP/Common/functions.php 第 1092 行.
INFO: [ view_parse ] --START--
INFO: [ template_filter ] --START--
INFO: Run Behavior\ContentReplace [ RunTime:0.000063s ]
INFO: [ template_filter ] --END-- [ RunTime:0.000111s ]
INFO: Run Behavior\ParseTemplate [ RunTime:0.008424s ]
INFO: [ view_parse ] --END-- [ RunTime:0.008498s ]
INFO: [ view_filter ] --START--
INFO: Run Behavior\WriteHtmlCache [ RunTime:0.000091s ]
INFO: [ view_filter ] --END-- [ RunTime:0.000116s ]
NOTIC: [2] Cannot modify header information - headers already sent by (output started at /Users/niuer/www/meipet/Application/Common/Conf/config.php:3) /Users/niuer/www/meipet/ThinkPHP/Library/Think/View.class.php 第 91 行.
NOTIC: [2] Cannot modify header information - headers already sent by (output started at /Users/niuer/www/meipet/Application/Common/Conf/config.php:3) /Users/niuer/www/meipet/ThinkPHP/Library/Think/View.class.php 第 92 行.
NOTIC: [2] Cannot modify header information - headers already sent by (output started at /Users/niuer/www/meipet/Application/Common/Conf/config.php:3) /Users/niuer/www/meipet/ThinkPHP/Library/Think/View.class.php 第 93 行.
INFO: [ app_end ] --START--
INFO: Run Behavior\ShowPageTrace [ RunTime:0.000424s ]
INFO: [ app_end ] --END-- [ RunTime:0.000477s ]

[ 2015-08-22T21:33:51+08:00 ] 127.0.0.1 /
INFO: [ app_begin ] --START--
INFO: Run Behavior\ReadHtmlCache [ RunTime:0.000211s ]
INFO: [ app_begin ] --END-- [ RunTime:0.000384s ]
NOTIC: [2] session_start(): Cannot send session cookie - headers already sent by (output started at /Users/niuer/www/meipet/Application/Common/Conf/config.php:3) /Users/niuer/www/meipet/ThinkPHP/Common/functions.php 第 1092 行.
NOTIC: [2] session_start(): Cannot send session cache limiter - headers already sent (output started at /Users/niuer/www/meipet/Application/Common/Conf/config.php:3) /Users/niuer/www/meipet/ThinkPHP/Common/functions.php 第 1092 行.
INFO: [ view_parse ] --START--
INFO: [ template_filter ] --START--
INFO: Run Behavior\ContentReplace [ RunTime:0.000078s ]
INFO: [ template_filter ] --END-- [ RunTime:0.000221s ]
INFO: Run Behavior\ParseTemplate [ RunTime:0.009213s ]
INFO: [ view_parse ] --END-- [ RunTime:0.009283s ]
INFO: [ view_filter ] --START--
INFO: Run Behavior\WriteHtmlCache [ RunTime:0.000123s ]
INFO: [ view_filter ] --END-- [ RunTime:0.000152s ]
NOTIC: [2] Cannot modify header information - headers already sent by (output started at /Users/niuer/www/meipet/Application/Common/Conf/config.php:3) /Users/niuer/www/meipet/ThinkPHP/Library/Think/View.class.php 第 91 行.
NOTIC: [2] Cannot modify header information - headers already sent by (output started at /Users/niuer/www/meipet/Application/Common/Conf/config.php:3) /Users/niuer/www/meipet/ThinkPHP/Library/Think/View.class.php 第 92 行.
NOTIC: [2] Cannot modify header information - headers already sent by (output started at /Users/niuer/www/meipet/Application/Common/Conf/config.php:3) /Users/niuer/www/meipet/ThinkPHP/Library/Think/View.class.php 第 93 行.
INFO: [ app_end ] --START--
INFO: Run Behavior\ShowPageTrace [ RunTime:0.000415s ]
INFO: [ app_end ] --END-- [ RunTime:0.000489s ]

[ 2015-08-22T22:16:05+08:00 ] 127.0.0.1 /
INFO: [ app_begin ] --START--
INFO: Run Behavior\ReadHtmlCache [ RunTime:0.000277s ]
INFO: [ app_begin ] --END-- [ RunTime:0.000867s ]
NOTIC: [2] session_start(): Cannot send session cookie - headers already sent by (output started at /Users/niuer/www/meipet/Application/Common/Conf/config.php:3) /Users/niuer/www/meipet/ThinkPHP/Common/functions.php 第 1092 行.
NOTIC: [2] session_start(): Cannot send session cache limiter - headers already sent (output started at /Users/niuer/www/meipet/Application/Common/Conf/config.php:3) /Users/niuer/www/meipet/ThinkPHP/Common/functions.php 第 1092 行.
INFO: [ view_parse ] --START--
INFO: [ template_filter ] --START--
INFO: Run Behavior\ContentReplace [ RunTime:0.000066s ]
INFO: [ template_filter ] --END-- [ RunTime:0.000117s ]
INFO: Run Behavior\ParseTemplate [ RunTime:0.014946s ]
INFO: [ view_parse ] --END-- [ RunTime:0.014992s ]
INFO: [ view_filter ] --START--
INFO: Run Behavior\WriteHtmlCache [ RunTime:0.000975s ]
INFO: [ view_filter ] --END-- [ RunTime:0.001023s ]
NOTIC: [2] Cannot modify header information - headers already sent by (output started at /Users/niuer/www/meipet/Application/Common/Conf/config.php:3) /Users/niuer/www/meipet/ThinkPHP/Library/Think/View.class.php 第 91 行.
NOTIC: [2] Cannot modify header information - headers already sent by (output started at /Users/niuer/www/meipet/Application/Common/Conf/config.php:3) /Users/niuer/www/meipet/ThinkPHP/Library/Think/View.class.php 第 92 行.
NOTIC: [2] Cannot modify header information - headers already sent by (output started at /Users/niuer/www/meipet/Application/Common/Conf/config.php:3) /Users/niuer/www/meipet/ThinkPHP/Library/Think/View.class.php 第 93 行.
INFO: [ app_end ] --START--
INFO: Run Behavior\ShowPageTrace [ RunTime:0.002939s ]
INFO: [ app_end ] --END-- [ RunTime:0.003017s ]

[ 2015-08-22T22:27:30+08:00 ] 127.0.0.1 /log/checkLoginId?callback=aaa&mobile=13777427165
INFO: [ app_begin ] --START--
INFO: Run Behavior\ReadHtmlCache [ RunTime:0.000437s ]
INFO: [ app_begin ] --END-- [ RunTime:0.000874s ]
NOTIC: [2] session_start(): Cannot send session cache limiter - headers already sent (output started at /Users/niuer/www/meipet/Application/Common/Conf/config.php:3) /Users/niuer/www/meipet/ThinkPHP/Common/functions.php 第 1092 行.
NOTIC: [2] Creating default object from empty value /Users/niuer/www/meipet/Application/Home/Controller/LogController.class.php 第 30 行.
NOTIC: [2] Cannot modify header information - headers already sent by (output started at /Users/niuer/www/meipet/Application/Common/Conf/config.php:3) /Users/niuer/www/meipet/ThinkPHP/Library/Think/Controller.class.php 第 222 行.

[ 2015-08-22T22:27:39+08:00 ] 127.0.0.1 /
INFO: [ app_begin ] --START--
INFO: Run Behavior\ReadHtmlCache [ RunTime:0.000369s ]
INFO: [ app_begin ] --END-- [ RunTime:0.000544s ]
NOTIC: [2] session_start(): Cannot send session cache limiter - headers already sent (output started at /Users/niuer/www/meipet/Application/Common/Conf/config.php:3) /Users/niuer/www/meipet/ThinkPHP/Common/functions.php 第 1092 行.
INFO: [ view_parse ] --START--
INFO: [ template_filter ] --START--
INFO: Run Behavior\ContentReplace [ RunTime:0.000038s ]
INFO: [ template_filter ] --END-- [ RunTime:0.000080s ]
INFO: Run Behavior\ParseTemplate [ RunTime:0.012858s ]
INFO: [ view_parse ] --END-- [ RunTime:0.012927s ]
INFO: [ view_filter ] --START--
INFO: Run Behavior\WriteHtmlCache [ RunTime:0.000160s ]
INFO: [ view_filter ] --END-- [ RunTime:0.000206s ]
NOTIC: [2] Cannot modify header information - headers already sent by (output started at /Users/niuer/www/meipet/Application/Common/Conf/config.php:3) /Users/niuer/www/meipet/ThinkPHP/Library/Think/View.class.php 第 91 行.
NOTIC: [2] Cannot modify header information - headers already sent by (output started at /Users/niuer/www/meipet/Application/Common/Conf/config.php:3) /Users/niuer/www/meipet/ThinkPHP/Library/Think/View.class.php 第 92 行.
NOTIC: [2] Cannot modify header information - headers already sent by (output started at /Users/niuer/www/meipet/Application/Common/Conf/config.php:3) /Users/niuer/www/meipet/ThinkPHP/Library/Think/View.class.php 第 93 行.
INFO: [ app_end ] --START--
INFO: Run Behavior\ShowPageTrace [ RunTime:0.000536s ]
INFO: [ app_end ] --END-- [ RunTime:0.000593s ]

[ 2015-08-22T22:27:45+08:00 ] 127.0.0.1 /log
INFO: [ app_begin ] --START--
INFO: Run Behavior\ReadHtmlCache [ RunTime:0.000964s ]
INFO: [ app_begin ] --END-- [ RunTime:0.001435s ]
NOTIC: [2] session_start(): Cannot send session cache limiter - headers already sent (output started at /Users/niuer/www/meipet/Application/Common/Conf/config.php:3) /Users/niuer/www/meipet/ThinkPHP/Common/functions.php 第 1092 行.
NOTIC: [2] Cannot modify header information - headers already sent by (output started at /Users/niuer/www/meipet/Application/Common/Conf/config.php:3) /Users/niuer/www/meipet/Application/Home/Controller/LogController.class.php 第 12 行.
INFO: [ view_parse ] --START--
INFO: [ template_filter ] --START--
INFO: Run Behavior\ContentReplace [ RunTime:0.000023s ]
INFO: [ template_filter ] --END-- [ RunTime:0.000073s ]
INFO: Run Behavior\ParseTemplate [ RunTime:0.011189s ]
INFO: [ view_parse ] --END-- [ RunTime:0.011265s ]
INFO: [ view_filter ] --START--
INFO: Run Behavior\WriteHtmlCache [ RunTime:0.000154s ]
INFO: [ view_filter ] --END-- [ RunTime:0.000200s ]
NOTIC: [2] Cannot modify header information - headers already sent by (output started at /Users/niuer/www/meipet/Application/Common/Conf/config.php:3) /Users/niuer/www/meipet/ThinkPHP/Library/Think/View.class.php 第 91 行.
NOTIC: [2] Cannot modify header information - headers already sent by (output started at /Users/niuer/www/meipet/Application/Common/Conf/config.php:3) /Users/niuer/www/meipet/ThinkPHP/Library/Think/View.class.php 第 92 行.
NOTIC: [2] Cannot modify header information - headers already sent by (output started at /Users/niuer/www/meipet/Application/Common/Conf/config.php:3) /Users/niuer/www/meipet/ThinkPHP/Library/Think/View.class.php 第 93 行.
INFO: [ app_end ] --START--
INFO: Run Behavior\ShowPageTrace [ RunTime:0.000452s ]
INFO: [ app_end ] --END-- [ RunTime:0.000499s ]

[ 2015-08-22T22:28:00+08:00 ] 127.0.0.1 /reg
INFO: [ app_begin ] --START--
INFO: Run Behavior\ReadHtmlCache [ RunTime:0.000224s ]
INFO: [ app_begin ] --END-- [ RunTime:0.000400s ]
NOTIC: [2] session_start(): Cannot send session cache limiter - headers already sent (output started at /Users/niuer/www/meipet/Application/Common/Conf/config.php:3) /Users/niuer/www/meipet/ThinkPHP/Common/functions.php 第 1092 行.
NOTIC: [2] Cannot modify header information - headers already sent by (output started at /Users/niuer/www/meipet/Application/Common/Conf/config.php:3) /Users/niuer/www/meipet/Application/Home/Controller/RegController.class.php 第 12 行.
INFO: [ view_parse ] --START--
INFO: [ template_filter ] --START--
INFO: Run Behavior\ContentReplace [ RunTime:0.000020s ]
INFO: [ template_filter ] --END-- [ RunTime:0.000064s ]
INFO: Run Behavior\ParseTemplate [ RunTime:0.014587s ]
INFO: [ view_parse ] --END-- [ RunTime:0.014646s ]
INFO: [ view_filter ] --START--
INFO: Run Behavior\WriteHtmlCache [ RunTime:0.000403s ]
INFO: [ view_filter ] --END-- [ RunTime:0.000564s ]
NOTIC: [2] Cannot modify header information - headers already sent by (output started at /Users/niuer/www/meipet/Application/Common/Conf/config.php:3) /Users/niuer/www/meipet/ThinkPHP/Library/Think/View.class.php 第 91 行.
NOTIC: [2] Cannot modify header information - headers already sent by (output started at /Users/niuer/www/meipet/Application/Common/Conf/config.php:3) /Users/niuer/www/meipet/ThinkPHP/Library/Think/View.class.php 第 92 行.
NOTIC: [2] Cannot modify header information - headers already sent by (output started at /Users/niuer/www/meipet/Application/Common/Conf/config.php:3) /Users/niuer/www/meipet/ThinkPHP/Library/Think/View.class.php 第 93 行.
INFO: [ app_end ] --START--
INFO: Run Behavior\ShowPageTrace [ RunTime:0.000660s ]
INFO: [ app_end ] --END-- [ RunTime:0.000718s ]

[ 2015-08-22T22:28:16+08:00 ] 127.0.0.1 /list
INFO: [ app_begin ] --START--
INFO: Run Behavior\ReadHtmlCache [ RunTime:0.000216s ]
INFO: [ app_begin ] --END-- [ RunTime:0.000394s ]
NOTIC: [2] session_start(): Cannot send session cache limiter - headers already sent (output started at /Users/niuer/www/meipet/Application/Common/Conf/config.php:3) /Users/niuer/www/meipet/ThinkPHP/Common/functions.php 第 1092 行.
NOTIC: [2] Cannot modify header information - headers already sent by (output started at /Users/niuer/www/meipet/Application/Common/Conf/config.php:3) /Users/niuer/www/meipet/Application/Home/Controller/ListController.class.php 第 9 行.
NOTIC: [8] Undefined index: category /Users/niuer/www/meipet/Application/Home/Controller/ListController.class.php 第 10 行.
NOTIC: [8] Undefined index: area /Users/niuer/www/meipet/Application/Home/Controller/ListController.class.php 第 11 行.
NOTIC: [8] Undefined index: city /Users/niuer/www/meipet/Application/Home/Controller/ListController.class.php 第 12 行.
NOTIC: [8] Undefined index: page /Users/niuer/www/meipet/Application/Home/Controller/ListController.class.php 第 13 行.
NOTIC: [8] Undefined index: size /Users/niuer/www/meipet/Application/Home/Controller/ListController.class.php 第 14 行.
INFO: [ view_parse ] --START--
INFO: [ template_filter ] --START--
INFO: Run Behavior\ContentReplace [ RunTime:0.000207s ]
INFO: [ template_filter ] --END-- [ RunTime:0.000345s ]
INFO: Run Behavior\ParseTemplate [ RunTime:0.012680s ]
INFO: [ view_parse ] --END-- [ RunTime:0.012731s ]
INFO: [ view_filter ] --START--
INFO: Run Behavior\WriteHtmlCache [ RunTime:0.000173s ]
INFO: [ view_filter ] --END-- [ RunTime:0.000237s ]
NOTIC: [2] Cannot modify header information - headers already sent by (output started at /Users/niuer/www/meipet/Application/Common/Conf/config.php:3) /Users/niuer/www/meipet/ThinkPHP/Library/Think/View.class.php 第 91 行.
NOTIC: [2] Cannot modify header information - headers already sent by (output started at /Users/niuer/www/meipet/Application/Common/Conf/config.php:3) /Users/niuer/www/meipet/ThinkPHP/Library/Think/View.class.php 第 92 行.
NOTIC: [2] Cannot modify header information - headers already sent by (output started at /Users/niuer/www/meipet/Application/Common/Conf/config.php:3) /Users/niuer/www/meipet/ThinkPHP/Library/Think/View.class.php 第 93 行.
INFO: [ app_end ] --START--
INFO: Run Behavior\ShowPageTrace [ RunTime:0.000641s ]
INFO: [ app_end ] --END-- [ RunTime:0.000724s ]

[ 2015-08-22T22:28:28+08:00 ] 127.0.0.1 /detail
INFO: [ app_begin ] --START--
INFO: Run Behavior\ReadHtmlCache [ RunTime:0.000215s ]
INFO: [ app_begin ] --END-- [ RunTime:0.000384s ]
NOTIC: [2] session_start(): Cannot send session cache limiter - headers already sent (output started at /Users/niuer/www/meipet/Application/Common/Conf/config.php:3) /Users/niuer/www/meipet/ThinkPHP/Common/functions.php 第 1092 行.
NOTIC: [2] Cannot modify header information - headers already sent by (output started at /Users/niuer/www/meipet/Application/Common/Conf/config.php:3) /Users/niuer/www/meipet/Application/Home/Controller/DetailController.class.php 第 9 行.
NOTIC: [8] Undefined index: category /Users/niuer/www/meipet/Application/Home/Controller/DetailController.class.php 第 10 行.
NOTIC: [8] Undefined index: area /Users/niuer/www/meipet/Application/Home/Controller/DetailController.class.php 第 11 行.
NOTIC: [8] Undefined index: city /Users/niuer/www/meipet/Application/Home/Controller/DetailController.class.php 第 12 行.
NOTIC: [8] Undefined index: page /Users/niuer/www/meipet/Application/Home/Controller/DetailController.class.php 第 13 行.
NOTIC: [8] Undefined index: size /Users/niuer/www/meipet/Application/Home/Controller/DetailController.class.php 第 14 行.
INFO: [ view_parse ] --START--
INFO: [ template_filter ] --START--
INFO: Run Behavior\ContentReplace [ RunTime:0.000022s ]
INFO: [ template_filter ] --END-- [ RunTime:0.000053s ]
INFO: Run Behavior\ParseTemplate [ RunTime:0.009225s ]
INFO: [ view_parse ] --END-- [ RunTime:0.009356s ]
INFO: [ view_filter ] --START--
INFO: Run Behavior\WriteHtmlCache [ RunTime:0.000237s ]
INFO: [ view_filter ] --END-- [ RunTime:0.000311s ]
NOTIC: [2] Cannot modify header information - headers already sent by (output started at /Users/niuer/www/meipet/Application/Common/Conf/config.php:3) /Users/niuer/www/meipet/ThinkPHP/Library/Think/View.class.php 第 91 行.
NOTIC: [2] Cannot modify header information - headers already sent by (output started at /Users/niuer/www/meipet/Application/Common/Conf/config.php:3) /Users/niuer/www/meipet/ThinkPHP/Library/Think/View.class.php 第 92 行.
NOTIC: [2] Cannot modify header information - headers already sent by (output started at /Users/niuer/www/meipet/Application/Common/Conf/config.php:3) /Users/niuer/www/meipet/ThinkPHP/Library/Think/View.class.php 第 93 行.
INFO: [ app_end ] --START--
INFO: Run Behavior\ShowPageTrace [ RunTime:0.000361s ]
INFO: [ app_end ] --END-- [ RunTime:0.000400s ]

