[ 2015-07-25T14:01:38+08:00 ] 127.0.0.1 /
INFO: [ app_begin ] --START--
INFO: Run Behavior\ReadHtmlCache [ RunTime:0.001979s ]
INFO: [ app_begin ] --END-- [ RunTime:0.003551s ]
NOTIC: [2] session_start(): Cannot send session cookie - headers already sent by (output started at /Users/niuer/www/meipet/Application/Common/Conf/config.php:3) /Users/niuer/www/meipet/ThinkPHP/Common/functions.php 第 1092 行.
NOTIC: [2] session_start(): Cannot send session cache limiter - headers already sent (output started at /Users/niuer/www/meipet/Application/Common/Conf/config.php:3) /Users/niuer/www/meipet/ThinkPHP/Common/functions.php 第 1092 行.
INFO: [ view_parse ] --START--
INFO: [ template_filter ] --START--
INFO: Run Behavior\ContentReplace [ RunTime:0.000062s ]
INFO: [ template_filter ] --END-- [ RunTime:0.000109s ]
INFO: Run Behavior\ParseTemplate [ RunTime:0.015676s ]
INFO: [ view_parse ] --END-- [ RunTime:0.015722s ]
INFO: [ view_filter ] --START--
INFO: Run Behavior\WriteHtmlCache [ RunTime:0.000905s ]
INFO: [ view_filter ] --END-- [ RunTime:0.000949s ]
NOTIC: [2] Cannot modify header information - headers already sent by (output started at /Users/niuer/www/meipet/Application/Common/Conf/config.php:3) /Users/niuer/www/meipet/ThinkPHP/Library/Think/View.class.php 第 91 行.
NOTIC: [2] Cannot modify header information - headers already sent by (output started at /Users/niuer/www/meipet/Application/Common/Conf/config.php:3) /Users/niuer/www/meipet/ThinkPHP/Library/Think/View.class.php 第 92 行.
NOTIC: [2] Cannot modify header information - headers already sent by (output started at /Users/niuer/www/meipet/Application/Common/Conf/config.php:3) /Users/niuer/www/meipet/ThinkPHP/Library/Think/View.class.php 第 93 行.
INFO: [ app_end ] --START--
INFO: Run Behavior\ShowPageTrace [ RunTime:0.001733s ]
INFO: [ app_end ] --END-- [ RunTime:0.001786s ]

[ 2015-07-25T14:01:58+08:00 ] 127.0.0.1 /
INFO: [ app_begin ] --START--
INFO: Run Behavior\ReadHtmlCache [ RunTime:0.000361s ]
INFO: [ app_begin ] --END-- [ RunTime:0.000594s ]
NOTIC: [2] session_start(): Cannot send session cache limiter - headers already sent (output started at /Users/niuer/www/meipet/Application/Common/Conf/config.php:3) /Users/niuer/www/meipet/ThinkPHP/Common/functions.php 第 1092 行.
INFO: [ view_parse ] --START--
INFO: [ template_filter ] --START--
INFO: Run Behavior\ContentReplace [ RunTime:0.000061s ]
INFO: [ template_filter ] --END-- [ RunTime:0.000101s ]
INFO: Run Behavior\ParseTemplate [ RunTime:0.008497s ]
INFO: [ view_parse ] --END-- [ RunTime:0.008550s ]
INFO: [ view_filter ] --START--
INFO: Run Behavior\WriteHtmlCache [ RunTime:0.000082s ]
INFO: [ view_filter ] --END-- [ RunTime:0.000107s ]
NOTIC: [2] Cannot modify header information - headers already sent by (output started at /Users/niuer/www/meipet/Application/Common/Conf/config.php:3) /Users/niuer/www/meipet/ThinkPHP/Library/Think/View.class.php 第 91 行.
NOTIC: [2] Cannot modify header information - headers already sent by (output started at /Users/niuer/www/meipet/Application/Common/Conf/config.php:3) /Users/niuer/www/meipet/ThinkPHP/Library/Think/View.class.php 第 92 行.
NOTIC: [2] Cannot modify header information - headers already sent by (output started at /Users/niuer/www/meipet/Application/Common/Conf/config.php:3) /Users/niuer/www/meipet/ThinkPHP/Library/Think/View.class.php 第 93 行.
INFO: [ app_end ] --START--
INFO: Run Behavior\ShowPageTrace [ RunTime:0.000439s ]
INFO: [ app_end ] --END-- [ RunTime:0.000504s ]

[ 2015-07-25T14:02:04+08:00 ] 127.0.0.1 /index.php/Home/Log/index
INFO: [ app_begin ] --START--
INFO: Run Behavior\ReadHtmlCache [ RunTime:0.000212s ]
INFO: [ app_begin ] --END-- [ RunTime:0.000392s ]
NOTIC: [2] session_start(): Cannot send session cache limiter - headers already sent (output started at /Users/niuer/www/meipet/Application/Common/Conf/config.php:3) /Users/niuer/www/meipet/ThinkPHP/Common/functions.php 第 1092 行.
NOTIC: [2] Cannot modify header information - headers already sent by (output started at /Users/niuer/www/meipet/Application/Common/Conf/config.php:3) /Users/niuer/www/meipet/Application/Home/Controller/LogController.class.php 第 12 行.
INFO: [ view_parse ] --START--
INFO: [ template_filter ] --START--
INFO: Run Behavior\ContentReplace [ RunTime:0.000021s ]
INFO: [ template_filter ] --END-- [ RunTime:0.000065s ]
INFO: Run Behavior\ParseTemplate [ RunTime:0.009163s ]
INFO: [ view_parse ] --END-- [ RunTime:0.009225s ]
INFO: [ view_filter ] --START--
INFO: Run Behavior\WriteHtmlCache [ RunTime:0.000079s ]
INFO: [ view_filter ] --END-- [ RunTime:0.000105s ]
NOTIC: [2] Cannot modify header information - headers already sent by (output started at /Users/niuer/www/meipet/Application/Common/Conf/config.php:3) /Users/niuer/www/meipet/ThinkPHP/Library/Think/View.class.php 第 91 行.
NOTIC: [2] Cannot modify header information - headers already sent by (output started at /Users/niuer/www/meipet/Application/Common/Conf/config.php:3) /Users/niuer/www/meipet/ThinkPHP/Library/Think/View.class.php 第 92 行.
NOTIC: [2] Cannot modify header information - headers already sent by (output started at /Users/niuer/www/meipet/Application/Common/Conf/config.php:3) /Users/niuer/www/meipet/ThinkPHP/Library/Think/View.class.php 第 93 行.
INFO: [ app_end ] --START--
INFO: Run Behavior\ShowPageTrace [ RunTime:0.000266s ]
INFO: [ app_end ] --END-- [ RunTime:0.000293s ]

[ 2015-07-25T14:02:47+08:00 ] 127.0.0.1 /
INFO: [ app_begin ] --START--
INFO: Run Behavior\ReadHtmlCache [ RunTime:0.000368s ]
INFO: [ app_begin ] --END-- [ RunTime:0.000613s ]
NOTIC: [2] session_start(): Cannot send session cache limiter - headers already sent (output started at /Users/niuer/www/meipet/Application/Common/Conf/config.php:3) /Users/niuer/www/meipet/ThinkPHP/Common/functions.php 第 1092 行.
INFO: [ view_parse ] --START--
INFO: [ template_filter ] --START--
INFO: Run Behavior\ContentReplace [ RunTime:0.000065s ]
INFO: [ template_filter ] --END-- [ RunTime:0.000109s ]
INFO: Run Behavior\ParseTemplate [ RunTime:0.007311s ]
INFO: [ view_parse ] --END-- [ RunTime:0.007406s ]
INFO: [ view_filter ] --START--
INFO: Run Behavior\WriteHtmlCache [ RunTime:0.000082s ]
INFO: [ view_filter ] --END-- [ RunTime:0.000104s ]
NOTIC: [2] Cannot modify header information - headers already sent by (output started at /Users/niuer/www/meipet/Application/Common/Conf/config.php:3) /Users/niuer/www/meipet/ThinkPHP/Library/Think/View.class.php 第 91 行.
NOTIC: [2] Cannot modify header information - headers already sent by (output started at /Users/niuer/www/meipet/Application/Common/Conf/config.php:3) /Users/niuer/www/meipet/ThinkPHP/Library/Think/View.class.php 第 92 行.
NOTIC: [2] Cannot modify header information - headers already sent by (output started at /Users/niuer/www/meipet/Application/Common/Conf/config.php:3) /Users/niuer/www/meipet/ThinkPHP/Library/Think/View.class.php 第 93 行.
INFO: [ app_end ] --START--
INFO: Run Behavior\ShowPageTrace [ RunTime:0.000343s ]
INFO: [ app_end ] --END-- [ RunTime:0.000380s ]

[ 2015-07-25T14:02:58+08:00 ] 127.0.0.1 /index.php/Home/Reg/forget
INFO: [ app_begin ] --START--
INFO: Run Behavior\ReadHtmlCache [ RunTime:0.000406s ]
INFO: [ app_begin ] --END-- [ RunTime:0.000682s ]
NOTIC: [2] session_start(): Cannot send session cookie - headers already sent by (output started at /Users/niuer/www/meipet/Application/Common/Conf/config.php:3) /Users/niuer/www/meipet/ThinkPHP/Common/functions.php 第 1092 行.
NOTIC: [2] session_start(): Cannot send session cache limiter - headers already sent (output started at /Users/niuer/www/meipet/Application/Common/Conf/config.php:3) /Users/niuer/www/meipet/ThinkPHP/Common/functions.php 第 1092 行.
NOTIC: [2] Cannot modify header information - headers already sent by (output started at /Users/niuer/www/meipet/Application/Common/Conf/config.php:3) /Users/niuer/www/meipet/Application/Home/Controller/RegController.class.php 第 14 行.
INFO: [ view_parse ] --START--
INFO: [ template_filter ] --START--
INFO: Run Behavior\ContentReplace [ RunTime:0.000023s ]
INFO: [ template_filter ] --END-- [ RunTime:0.000072s ]
INFO: Run Behavior\ParseTemplate [ RunTime:0.005545s ]
INFO: [ view_parse ] --END-- [ RunTime:0.005597s ]
INFO: [ view_filter ] --START--
INFO: Run Behavior\WriteHtmlCache [ RunTime:0.000083s ]
INFO: [ view_filter ] --END-- [ RunTime:0.000109s ]
NOTIC: [2] Cannot modify header information - headers already sent by (output started at /Users/niuer/www/meipet/Application/Common/Conf/config.php:3) /Users/niuer/www/meipet/ThinkPHP/Library/Think/View.class.php 第 91 行.
NOTIC: [2] Cannot modify header information - headers already sent by (output started at /Users/niuer/www/meipet/Application/Common/Conf/config.php:3) /Users/niuer/www/meipet/ThinkPHP/Library/Think/View.class.php 第 92 行.
NOTIC: [2] Cannot modify header information - headers already sent by (output started at /Users/niuer/www/meipet/Application/Common/Conf/config.php:3) /Users/niuer/www/meipet/ThinkPHP/Library/Think/View.class.php 第 93 行.
INFO: [ app_end ] --START--
INFO: Run Behavior\ShowPageTrace [ RunTime:0.000349s ]
INFO: [ app_end ] --END-- [ RunTime:0.000382s ]

[ 2015-07-25T15:01:35+08:00 ] 127.0.0.1 /
INFO: [ app_begin ] --START--
INFO: Run Behavior\ReadHtmlCache [ RunTime:0.000228s ]
INFO: [ app_begin ] --END-- [ RunTime:0.000406s ]
NOTIC: [2] session_start(): Cannot send session cache limiter - headers already sent (output started at /Users/niuer/www/meipet/Application/Common/Conf/config.php:3) /Users/niuer/www/meipet/ThinkPHP/Common/functions.php 第 1092 行.
INFO: [ view_parse ] --START--
INFO: [ template_filter ] --START--
INFO: Run Behavior\ContentReplace [ RunTime:0.000035s ]
INFO: [ template_filter ] --END-- [ RunTime:0.000076s ]
INFO: Run Behavior\ParseTemplate [ RunTime:0.006231s ]
INFO: [ view_parse ] --END-- [ RunTime:0.006283s ]
INFO: [ view_filter ] --START--
INFO: Run Behavior\WriteHtmlCache [ RunTime:0.000126s ]
INFO: [ view_filter ] --END-- [ RunTime:0.000157s ]
NOTIC: [2] Cannot modify header information - headers already sent by (output started at /Users/niuer/www/meipet/Application/Common/Conf/config.php:3) /Users/niuer/www/meipet/ThinkPHP/Library/Think/View.class.php 第 91 行.
NOTIC: [2] Cannot modify header information - headers already sent by (output started at /Users/niuer/www/meipet/Application/Common/Conf/config.php:3) /Users/niuer/www/meipet/ThinkPHP/Library/Think/View.class.php 第 92 行.
NOTIC: [2] Cannot modify header information - headers already sent by (output started at /Users/niuer/www/meipet/Application/Common/Conf/config.php:3) /Users/niuer/www/meipet/ThinkPHP/Library/Think/View.class.php 第 93 行.
INFO: [ app_end ] --START--
INFO: Run Behavior\ShowPageTrace [ RunTime:0.000666s ]
INFO: [ app_end ] --END-- [ RunTime:0.000737s ]

[ 2015-07-25T16:11:07+08:00 ] 127.0.0.1 /
INFO: [ app_begin ] --START--
INFO: Run Behavior\ReadHtmlCache [ RunTime:0.000469s ]
INFO: [ app_begin ] --END-- [ RunTime:0.000687s ]
NOTIC: [2] session_start(): Cannot send session cache limiter - headers already sent (output started at /Users/niuer/www/meipet/Application/Common/Conf/config.php:3) /Users/niuer/www/meipet/ThinkPHP/Common/functions.php 第 1092 行.
INFO: [ view_parse ] --START--
INFO: [ template_filter ] --START--
INFO: Run Behavior\ContentReplace [ RunTime:0.000033s ]
INFO: [ template_filter ] --END-- [ RunTime:0.000075s ]
INFO: Run Behavior\ParseTemplate [ RunTime:0.006906s ]
INFO: [ view_parse ] --END-- [ RunTime:0.006956s ]
INFO: [ view_filter ] --START--
INFO: Run Behavior\WriteHtmlCache [ RunTime:0.000079s ]
INFO: [ view_filter ] --END-- [ RunTime:0.000102s ]
NOTIC: [2] Cannot modify header information - headers already sent by (output started at /Users/niuer/www/meipet/Application/Common/Conf/config.php:3) /Users/niuer/www/meipet/ThinkPHP/Library/Think/View.class.php 第 91 行.
NOTIC: [2] Cannot modify header information - headers already sent by (output started at /Users/niuer/www/meipet/Application/Common/Conf/config.php:3) /Users/niuer/www/meipet/ThinkPHP/Library/Think/View.class.php 第 92 行.
NOTIC: [2] Cannot modify header information - headers already sent by (output started at /Users/niuer/www/meipet/Application/Common/Conf/config.php:3) /Users/niuer/www/meipet/ThinkPHP/Library/Think/View.class.php 第 93 行.
INFO: [ app_end ] --START--
INFO: Run Behavior\ShowPageTrace [ RunTime:0.000288s ]
INFO: [ app_end ] --END-- [ RunTime:0.000320s ]

[ 2015-07-25T16:20:06+08:00 ] 127.0.0.1 /
INFO: [ app_begin ] --START--
INFO: Run Behavior\ReadHtmlCache [ RunTime:0.000432s ]
INFO: [ app_begin ] --END-- [ RunTime:0.000744s ]
NOTIC: [2] session_start(): Cannot send session cache limiter - headers already sent (output started at /Users/niuer/www/meipet/Application/Common/Conf/config.php:3) /Users/niuer/www/meipet/ThinkPHP/Common/functions.php 第 1092 行.
INFO: [ view_parse ] --START--
INFO: [ template_filter ] --START--
INFO: Run Behavior\ContentReplace [ RunTime:0.000065s ]
INFO: [ template_filter ] --END-- [ RunTime:0.000111s ]
INFO: Run Behavior\ParseTemplate [ RunTime:0.007472s ]
INFO: [ view_parse ] --END-- [ RunTime:0.007541s ]
INFO: [ view_filter ] --START--
INFO: Run Behavior\WriteHtmlCache [ RunTime:0.000085s ]
INFO: [ view_filter ] --END-- [ RunTime:0.000108s ]
NOTIC: [2] Cannot modify header information - headers already sent by (output started at /Users/niuer/www/meipet/Application/Common/Conf/config.php:3) /Users/niuer/www/meipet/ThinkPHP/Library/Think/View.class.php 第 91 行.
NOTIC: [2] Cannot modify header information - headers already sent by (output started at /Users/niuer/www/meipet/Application/Common/Conf/config.php:3) /Users/niuer/www/meipet/ThinkPHP/Library/Think/View.class.php 第 92 行.
NOTIC: [2] Cannot modify header information - headers already sent by (output started at /Users/niuer/www/meipet/Application/Common/Conf/config.php:3) /Users/niuer/www/meipet/ThinkPHP/Library/Think/View.class.php 第 93 行.
INFO: [ app_end ] --START--
INFO: Run Behavior\ShowPageTrace [ RunTime:0.000341s ]
INFO: [ app_end ] --END-- [ RunTime:0.000379s ]

[ 2015-07-25T16:49:02+08:00 ] 127.0.0.1 /
INFO: [ app_begin ] --START--
INFO: Run Behavior\ReadHtmlCache [ RunTime:0.000339s ]
INFO: [ app_begin ] --END-- [ RunTime:0.000578s ]
NOTIC: [2] session_start(): Cannot send session cache limiter - headers already sent (output started at /Users/niuer/www/meipet/Application/Common/Conf/config.php:3) /Users/niuer/www/meipet/ThinkPHP/Common/functions.php 第 1092 行.
INFO: [ view_parse ] --START--
INFO: [ template_filter ] --START--
INFO: Run Behavior\ContentReplace [ RunTime:0.000039s ]
INFO: [ template_filter ] --END-- [ RunTime:0.000085s ]
INFO: Run Behavior\ParseTemplate [ RunTime:0.006417s ]
INFO: [ view_parse ] --END-- [ RunTime:0.006454s ]
INFO: [ view_filter ] --START--
INFO: Run Behavior\WriteHtmlCache [ RunTime:0.000098s ]
INFO: [ view_filter ] --END-- [ RunTime:0.000124s ]
NOTIC: [2] Cannot modify header information - headers already sent by (output started at /Users/niuer/www/meipet/Application/Common/Conf/config.php:3) /Users/niuer/www/meipet/ThinkPHP/Library/Think/View.class.php 第 91 行.
NOTIC: [2] Cannot modify header information - headers already sent by (output started at /Users/niuer/www/meipet/Application/Common/Conf/config.php:3) /Users/niuer/www/meipet/ThinkPHP/Library/Think/View.class.php 第 92 行.
NOTIC: [2] Cannot modify header information - headers already sent by (output started at /Users/niuer/www/meipet/Application/Common/Conf/config.php:3) /Users/niuer/www/meipet/ThinkPHP/Library/Think/View.class.php 第 93 行.
INFO: [ app_end ] --START--
INFO: Run Behavior\ShowPageTrace [ RunTime:0.000368s ]
INFO: [ app_end ] --END-- [ RunTime:0.000439s ]

[ 2015-07-25T17:12:38+08:00 ] 127.0.0.1 /
INFO: [ app_begin ] --START--
INFO: Run Behavior\ReadHtmlCache [ RunTime:0.000464s ]
INFO: [ app_begin ] --END-- [ RunTime:0.000749s ]
NOTIC: [2] session_start(): Cannot send session cache limiter - headers already sent (output started at /Users/niuer/www/meipet/Application/Common/Conf/config.php:3) /Users/niuer/www/meipet/ThinkPHP/Common/functions.php 第 1092 行.
INFO: [ view_parse ] --START--
INFO: [ template_filter ] --START--
INFO: Run Behavior\ContentReplace [ RunTime:0.000060s ]
INFO: [ template_filter ] --END-- [ RunTime:0.000103s ]
INFO: Run Behavior\ParseTemplate [ RunTime:0.007427s ]
INFO: [ view_parse ] --END-- [ RunTime:0.007531s ]
INFO: [ view_filter ] --START--
INFO: Run Behavior\WriteHtmlCache [ RunTime:0.000103s ]
INFO: [ view_filter ] --END-- [ RunTime:0.000128s ]
NOTIC: [2] Cannot modify header information - headers already sent by (output started at /Users/niuer/www/meipet/Application/Common/Conf/config.php:3) /Users/niuer/www/meipet/ThinkPHP/Library/Think/View.class.php 第 91 行.
NOTIC: [2] Cannot modify header information - headers already sent by (output started at /Users/niuer/www/meipet/Application/Common/Conf/config.php:3) /Users/niuer/www/meipet/ThinkPHP/Library/Think/View.class.php 第 92 行.
NOTIC: [2] Cannot modify header information - headers already sent by (output started at /Users/niuer/www/meipet/Application/Common/Conf/config.php:3) /Users/niuer/www/meipet/ThinkPHP/Library/Think/View.class.php 第 93 行.
INFO: [ app_end ] --START--
INFO: Run Behavior\ShowPageTrace [ RunTime:0.000398s ]
INFO: [ app_end ] --END-- [ RunTime:0.000435s ]

