[ 2015-08-03T20:59:59+08:00 ] 127.0.0.1 /
INFO: [ app_begin ] --START--
INFO: Run Behavior\ReadHtmlCache [ RunTime:0.003129s ]
INFO: [ app_begin ] --END-- [ RunTime:0.005442s ]
NOTIC: [2] session_start(): Cannot send session cookie - headers already sent by (output started at /Users/niuer/www/meipet/Application/Common/Conf/config.php:3) /Users/niuer/www/meipet/ThinkPHP/Common/functions.php 第 1092 行.
NOTIC: [2] session_start(): Cannot send session cache limiter - headers already sent (output started at /Users/niuer/www/meipet/Application/Common/Conf/config.php:3) /Users/niuer/www/meipet/ThinkPHP/Common/functions.php 第 1092 行.
INFO: [ view_parse ] --START--
INFO: [ template_filter ] --START--
INFO: Run Behavior\ContentReplace [ RunTime:0.000058s ]
INFO: [ template_filter ] --END-- [ RunTime:0.000107s ]
INFO: Run Behavior\ParseTemplate [ RunTime:0.016144s ]
INFO: [ view_parse ] --END-- [ RunTime:0.016192s ]
INFO: [ view_filter ] --START--
INFO: Run Behavior\WriteHtmlCache [ RunTime:0.000952s ]
INFO: [ view_filter ] --END-- [ RunTime:0.000996s ]
NOTIC: [2] Cannot modify header information - headers already sent by (output started at /Users/niuer/www/meipet/Application/Common/Conf/config.php:3) /Users/niuer/www/meipet/ThinkPHP/Library/Think/View.class.php 第 91 行.
NOTIC: [2] Cannot modify header information - headers already sent by (output started at /Users/niuer/www/meipet/Application/Common/Conf/config.php:3) /Users/niuer/www/meipet/ThinkPHP/Library/Think/View.class.php 第 92 行.
NOTIC: [2] Cannot modify header information - headers already sent by (output started at /Users/niuer/www/meipet/Application/Common/Conf/config.php:3) /Users/niuer/www/meipet/ThinkPHP/Library/Think/View.class.php 第 93 行.
INFO: [ app_end ] --START--
INFO: Run Behavior\ShowPageTrace [ RunTime:0.001792s ]
INFO: [ app_end ] --END-- [ RunTime:0.001870s ]

[ 2015-08-03T21:36:33+08:00 ] 127.0.0.1 /
INFO: [ app_begin ] --START--
INFO: Run Behavior\ReadHtmlCache [ RunTime:0.001906s ]
INFO: [ app_begin ] --END-- [ RunTime:0.003887s ]
NOTIC: [2] session_start(): Cannot send session cookie - headers already sent by (output started at /Users/niuer/www/meipet/Application/Common/Conf/config.php:3) /Users/niuer/www/meipet/ThinkPHP/Common/functions.php 第 1092 行.
NOTIC: [2] session_start(): Cannot send session cache limiter - headers already sent (output started at /Users/niuer/www/meipet/Application/Common/Conf/config.php:3) /Users/niuer/www/meipet/ThinkPHP/Common/functions.php 第 1092 行.
INFO: [ view_parse ] --START--
INFO: [ template_filter ] --START--
INFO: Run Behavior\ContentReplace [ RunTime:0.000106s ]
INFO: [ template_filter ] --END-- [ RunTime:0.000191s ]
INFO: Run Behavior\ParseTemplate [ RunTime:0.016218s ]
INFO: [ view_parse ] --END-- [ RunTime:0.016312s ]
INFO: [ view_filter ] --START--
INFO: Run Behavior\WriteHtmlCache [ RunTime:0.000702s ]
INFO: [ view_filter ] --END-- [ RunTime:0.000863s ]
NOTIC: [2] Cannot modify header information - headers already sent by (output started at /Users/niuer/www/meipet/Application/Common/Conf/config.php:3) /Users/niuer/www/meipet/ThinkPHP/Library/Think/View.class.php 第 91 行.
NOTIC: [2] Cannot modify header information - headers already sent by (output started at /Users/niuer/www/meipet/Application/Common/Conf/config.php:3) /Users/niuer/www/meipet/ThinkPHP/Library/Think/View.class.php 第 92 行.
NOTIC: [2] Cannot modify header information - headers already sent by (output started at /Users/niuer/www/meipet/Application/Common/Conf/config.php:3) /Users/niuer/www/meipet/ThinkPHP/Library/Think/View.class.php 第 93 行.
INFO: [ app_end ] --START--
INFO: Run Behavior\ShowPageTrace [ RunTime:0.005280s ]
INFO: [ app_end ] --END-- [ RunTime:0.005406s ]

[ 2015-08-03T22:23:34+08:00 ] 127.0.0.1 /
INFO: [ app_begin ] --START--
INFO: Run Behavior\ReadHtmlCache [ RunTime:0.002097s ]
INFO: [ app_begin ] --END-- [ RunTime:0.003850s ]
NOTIC: [2] session_start(): Cannot send session cookie - headers already sent by (output started at /Users/niuer/www/meipet/Application/Common/Conf/config.php:3) /Users/niuer/www/meipet/ThinkPHP/Common/functions.php 第 1092 行.
NOTIC: [2] session_start(): Cannot send session cache limiter - headers already sent (output started at /Users/niuer/www/meipet/Application/Common/Conf/config.php:3) /Users/niuer/www/meipet/ThinkPHP/Common/functions.php 第 1092 行.
INFO: [ view_parse ] --START--
INFO: [ template_filter ] --START--
INFO: Run Behavior\ContentReplace [ RunTime:0.000067s ]
INFO: [ template_filter ] --END-- [ RunTime:0.000120s ]
INFO: Run Behavior\ParseTemplate [ RunTime:0.016896s ]
INFO: [ view_parse ] --END-- [ RunTime:0.016961s ]
INFO: [ view_filter ] --START--
INFO: Run Behavior\WriteHtmlCache [ RunTime:0.000765s ]
INFO: [ view_filter ] --END-- [ RunTime:0.000806s ]
NOTIC: [2] Cannot modify header information - headers already sent by (output started at /Users/niuer/www/meipet/Application/Common/Conf/config.php:3) /Users/niuer/www/meipet/ThinkPHP/Library/Think/View.class.php 第 91 行.
NOTIC: [2] Cannot modify header information - headers already sent by (output started at /Users/niuer/www/meipet/Application/Common/Conf/config.php:3) /Users/niuer/www/meipet/ThinkPHP/Library/Think/View.class.php 第 92 行.
NOTIC: [2] Cannot modify header information - headers already sent by (output started at /Users/niuer/www/meipet/Application/Common/Conf/config.php:3) /Users/niuer/www/meipet/ThinkPHP/Library/Think/View.class.php 第 93 行.
INFO: [ app_end ] --START--
INFO: Run Behavior\ShowPageTrace [ RunTime:0.000892s ]
INFO: [ app_end ] --END-- [ RunTime:0.000948s ]

