[ 2015-08-01T13:39:14+08:00 ] 127.0.0.1 /
INFO: [ app_begin ] --START--
INFO: Run Behavior\ReadHtmlCache [ RunTime:0.001910s ]
INFO: [ app_begin ] --END-- [ RunTime:0.002721s ]
NOTIC: [2] session_start(): Cannot send session cookie - headers already sent by (output started at /Users/niuer/www/meipet/Application/Common/Conf/config.php:3) /Users/niuer/www/meipet/ThinkPHP/Common/functions.php 第 1092 行.
NOTIC: [2] session_start(): Cannot send session cache limiter - headers already sent (output started at /Users/niuer/www/meipet/Application/Common/Conf/config.php:3) /Users/niuer/www/meipet/ThinkPHP/Common/functions.php 第 1092 行.
INFO: [ view_parse ] --START--
INFO: [ template_filter ] --START--
INFO: Run Behavior\ContentReplace [ RunTime:0.000061s ]
INFO: [ template_filter ] --END-- [ RunTime:0.000108s ]
INFO: Run Behavior\ParseTemplate [ RunTime:0.015727s ]
INFO: [ view_parse ] --END-- [ RunTime:0.015773s ]
INFO: [ view_filter ] --START--
INFO: Run Behavior\WriteHtmlCache [ RunTime:0.001023s ]
INFO: [ view_filter ] --END-- [ RunTime:0.001068s ]
NOTIC: [2] Cannot modify header information - headers already sent by (output started at /Users/niuer/www/meipet/Application/Common/Conf/config.php:3) /Users/niuer/www/meipet/ThinkPHP/Library/Think/View.class.php 第 91 行.
NOTIC: [2] Cannot modify header information - headers already sent by (output started at /Users/niuer/www/meipet/Application/Common/Conf/config.php:3) /Users/niuer/www/meipet/ThinkPHP/Library/Think/View.class.php 第 92 行.
NOTIC: [2] Cannot modify header information - headers already sent by (output started at /Users/niuer/www/meipet/Application/Common/Conf/config.php:3) /Users/niuer/www/meipet/ThinkPHP/Library/Think/View.class.php 第 93 行.
INFO: [ app_end ] --START--
INFO: Run Behavior\ShowPageTrace [ RunTime:0.001437s ]
INFO: [ app_end ] --END-- [ RunTime:0.001500s ]

[ 2015-08-01T13:39:20+08:00 ] 127.0.0.1 /
INFO: [ app_begin ] --START--
INFO: Run Behavior\ReadHtmlCache [ RunTime:0.000324s ]
INFO: [ app_begin ] --END-- [ RunTime:0.000565s ]
NOTIC: [2] session_start(): Cannot send session cookie - headers already sent by (output started at /Users/niuer/www/meipet/Application/Common/Conf/config.php:3) /Users/niuer/www/meipet/ThinkPHP/Common/functions.php 第 1092 行.
NOTIC: [2] session_start(): Cannot send session cache limiter - headers already sent (output started at /Users/niuer/www/meipet/Application/Common/Conf/config.php:3) /Users/niuer/www/meipet/ThinkPHP/Common/functions.php 第 1092 行.
INFO: [ view_parse ] --START--
INFO: [ template_filter ] --START--
INFO: Run Behavior\ContentReplace [ RunTime:0.000064s ]
INFO: [ template_filter ] --END-- [ RunTime:0.000116s ]
INFO: Run Behavior\ParseTemplate [ RunTime:0.010168s ]
INFO: [ view_parse ] --END-- [ RunTime:0.010248s ]
INFO: [ view_filter ] --START--
INFO: Run Behavior\WriteHtmlCache [ RunTime:0.000130s ]
INFO: [ view_filter ] --END-- [ RunTime:0.000162s ]
NOTIC: [2] Cannot modify header information - headers already sent by (output started at /Users/niuer/www/meipet/Application/Common/Conf/config.php:3) /Users/niuer/www/meipet/ThinkPHP/Library/Think/View.class.php 第 91 行.
NOTIC: [2] Cannot modify header information - headers already sent by (output started at /Users/niuer/www/meipet/Application/Common/Conf/config.php:3) /Users/niuer/www/meipet/ThinkPHP/Library/Think/View.class.php 第 92 行.
NOTIC: [2] Cannot modify header information - headers already sent by (output started at /Users/niuer/www/meipet/Application/Common/Conf/config.php:3) /Users/niuer/www/meipet/ThinkPHP/Library/Think/View.class.php 第 93 行.
INFO: [ app_end ] --START--
INFO: Run Behavior\ShowPageTrace [ RunTime:0.000536s ]
INFO: [ app_end ] --END-- [ RunTime:0.000611s ]

[ 2015-08-01T13:40:23+08:00 ] 127.0.0.1 /index.php/Home/Reg/forget
INFO: [ app_begin ] --START--
INFO: Run Behavior\ReadHtmlCache [ RunTime:0.000343s ]
INFO: [ app_begin ] --END-- [ RunTime:0.000601s ]
NOTIC: [2] session_start(): Cannot send session cookie - headers already sent by (output started at /Users/niuer/www/meipet/Application/Common/Conf/config.php:3) /Users/niuer/www/meipet/ThinkPHP/Common/functions.php 第 1092 行.
NOTIC: [2] session_start(): Cannot send session cache limiter - headers already sent (output started at /Users/niuer/www/meipet/Application/Common/Conf/config.php:3) /Users/niuer/www/meipet/ThinkPHP/Common/functions.php 第 1092 行.
NOTIC: [2] Cannot modify header information - headers already sent by (output started at /Users/niuer/www/meipet/Application/Common/Conf/config.php:3) /Users/niuer/www/meipet/Application/Home/Controller/RegController.class.php 第 14 行.
INFO: [ view_parse ] --START--
INFO: [ template_filter ] --START--
INFO: Run Behavior\ContentReplace [ RunTime:0.000027s ]
INFO: [ template_filter ] --END-- [ RunTime:0.000075s ]
INFO: Run Behavior\ParseTemplate [ RunTime:0.006985s ]
INFO: [ view_parse ] --END-- [ RunTime:0.007034s ]
INFO: [ view_filter ] --START--
INFO: Run Behavior\WriteHtmlCache [ RunTime:0.000088s ]
INFO: [ view_filter ] --END-- [ RunTime:0.000113s ]
NOTIC: [2] Cannot modify header information - headers already sent by (output started at /Users/niuer/www/meipet/Application/Common/Conf/config.php:3) /Users/niuer/www/meipet/ThinkPHP/Library/Think/View.class.php 第 91 行.
NOTIC: [2] Cannot modify header information - headers already sent by (output started at /Users/niuer/www/meipet/Application/Common/Conf/config.php:3) /Users/niuer/www/meipet/ThinkPHP/Library/Think/View.class.php 第 92 行.
NOTIC: [2] Cannot modify header information - headers already sent by (output started at /Users/niuer/www/meipet/Application/Common/Conf/config.php:3) /Users/niuer/www/meipet/ThinkPHP/Library/Think/View.class.php 第 93 行.
INFO: [ app_end ] --START--
INFO: Run Behavior\ShowPageTrace [ RunTime:0.000318s ]
INFO: [ app_end ] --END-- [ RunTime:0.000351s ]

[ 2015-08-01T15:15:33+08:00 ] 192.168.0.100 /
INFO: [ app_begin ] --START--
INFO: Run Behavior\ReadHtmlCache [ RunTime:0.000346s ]
INFO: [ app_begin ] --END-- [ RunTime:0.000620s ]
NOTIC: [2] session_start(): Cannot send session cookie - headers already sent by (output started at /Users/niuer/www/meipet/Application/Common/Conf/config.php:3) /Users/niuer/www/meipet/ThinkPHP/Common/functions.php 第 1092 行.
NOTIC: [2] session_start(): Cannot send session cache limiter - headers already sent (output started at /Users/niuer/www/meipet/Application/Common/Conf/config.php:3) /Users/niuer/www/meipet/ThinkPHP/Common/functions.php 第 1092 行.
INFO: [ view_parse ] --START--
INFO: [ template_filter ] --START--
INFO: Run Behavior\ContentReplace [ RunTime:0.000054s ]
INFO: [ template_filter ] --END-- [ RunTime:0.000088s ]
INFO: Run Behavior\ParseTemplate [ RunTime:0.007100s ]
INFO: [ view_parse ] --END-- [ RunTime:0.007189s ]
INFO: [ view_filter ] --START--
INFO: Run Behavior\WriteHtmlCache [ RunTime:0.000097s ]
INFO: [ view_filter ] --END-- [ RunTime:0.000120s ]
NOTIC: [2] Cannot modify header information - headers already sent by (output started at /Users/niuer/www/meipet/Application/Common/Conf/config.php:3) /Users/niuer/www/meipet/ThinkPHP/Library/Think/View.class.php 第 91 行.
NOTIC: [2] Cannot modify header information - headers already sent by (output started at /Users/niuer/www/meipet/Application/Common/Conf/config.php:3) /Users/niuer/www/meipet/ThinkPHP/Library/Think/View.class.php 第 92 行.
NOTIC: [2] Cannot modify header information - headers already sent by (output started at /Users/niuer/www/meipet/Application/Common/Conf/config.php:3) /Users/niuer/www/meipet/ThinkPHP/Library/Think/View.class.php 第 93 行.
INFO: [ app_end ] --START--
INFO: Run Behavior\ShowPageTrace [ RunTime:0.000438s ]
INFO: [ app_end ] --END-- [ RunTime:0.000516s ]

[ 2015-08-01T15:16:01+08:00 ] 192.168.0.100 /
INFO: [ app_begin ] --START--
INFO: Run Behavior\ReadHtmlCache [ RunTime:0.000370s ]
INFO: [ app_begin ] --END-- [ RunTime:0.000640s ]
NOTIC: [2] session_start(): Cannot send session cookie - headers already sent by (output started at /Users/niuer/www/meipet/Application/Common/Conf/config.php:3) /Users/niuer/www/meipet/ThinkPHP/Common/functions.php 第 1092 行.
NOTIC: [2] session_start(): Cannot send session cache limiter - headers already sent (output started at /Users/niuer/www/meipet/Application/Common/Conf/config.php:3) /Users/niuer/www/meipet/ThinkPHP/Common/functions.php 第 1092 行.
INFO: [ view_parse ] --START--
INFO: [ template_filter ] --START--
INFO: Run Behavior\ContentReplace [ RunTime:0.000055s ]
INFO: [ template_filter ] --END-- [ RunTime:0.000092s ]
INFO: Run Behavior\ParseTemplate [ RunTime:0.006600s ]
INFO: [ view_parse ] --END-- [ RunTime:0.006635s ]
INFO: [ view_filter ] --START--
INFO: Run Behavior\WriteHtmlCache [ RunTime:0.000077s ]
INFO: [ view_filter ] --END-- [ RunTime:0.000099s ]
NOTIC: [2] Cannot modify header information - headers already sent by (output started at /Users/niuer/www/meipet/Application/Common/Conf/config.php:3) /Users/niuer/www/meipet/ThinkPHP/Library/Think/View.class.php 第 91 行.
NOTIC: [2] Cannot modify header information - headers already sent by (output started at /Users/niuer/www/meipet/Application/Common/Conf/config.php:3) /Users/niuer/www/meipet/ThinkPHP/Library/Think/View.class.php 第 92 行.
NOTIC: [2] Cannot modify header information - headers already sent by (output started at /Users/niuer/www/meipet/Application/Common/Conf/config.php:3) /Users/niuer/www/meipet/ThinkPHP/Library/Think/View.class.php 第 93 行.
INFO: [ app_end ] --START--
INFO: Run Behavior\ShowPageTrace [ RunTime:0.000271s ]
INFO: [ app_end ] --END-- [ RunTime:0.000301s ]

[ 2015-08-01T15:16:50+08:00 ] 192.168.0.100 /
INFO: [ app_begin ] --START--
INFO: Run Behavior\ReadHtmlCache [ RunTime:0.000366s ]
INFO: [ app_begin ] --END-- [ RunTime:0.000618s ]
NOTIC: [2] session_start(): Cannot send session cookie - headers already sent by (output started at /Users/niuer/www/meipet/Application/Common/Conf/config.php:3) /Users/niuer/www/meipet/ThinkPHP/Common/functions.php 第 1092 行.
NOTIC: [2] session_start(): Cannot send session cache limiter - headers already sent (output started at /Users/niuer/www/meipet/Application/Common/Conf/config.php:3) /Users/niuer/www/meipet/ThinkPHP/Common/functions.php 第 1092 行.
INFO: [ view_parse ] --START--
INFO: [ template_filter ] --START--
INFO: Run Behavior\ContentReplace [ RunTime:0.000056s ]
INFO: [ template_filter ] --END-- [ RunTime:0.000097s ]
INFO: Run Behavior\ParseTemplate [ RunTime:0.006761s ]
INFO: [ view_parse ] --END-- [ RunTime:0.006797s ]
INFO: [ view_filter ] --START--
INFO: Run Behavior\WriteHtmlCache [ RunTime:0.000084s ]
INFO: [ view_filter ] --END-- [ RunTime:0.000106s ]
NOTIC: [2] Cannot modify header information - headers already sent by (output started at /Users/niuer/www/meipet/Application/Common/Conf/config.php:3) /Users/niuer/www/meipet/ThinkPHP/Library/Think/View.class.php 第 91 行.
NOTIC: [2] Cannot modify header information - headers already sent by (output started at /Users/niuer/www/meipet/Application/Common/Conf/config.php:3) /Users/niuer/www/meipet/ThinkPHP/Library/Think/View.class.php 第 92 行.
NOTIC: [2] Cannot modify header information - headers already sent by (output started at /Users/niuer/www/meipet/Application/Common/Conf/config.php:3) /Users/niuer/www/meipet/ThinkPHP/Library/Think/View.class.php 第 93 行.
INFO: [ app_end ] --START--
INFO: Run Behavior\ShowPageTrace [ RunTime:0.000270s ]
INFO: [ app_end ] --END-- [ RunTime:0.000299s ]

[ 2015-08-01T15:17:00+08:00 ] 192.168.0.100 /
INFO: [ app_begin ] --START--
INFO: Run Behavior\ReadHtmlCache [ RunTime:0.000383s ]
INFO: [ app_begin ] --END-- [ RunTime:0.000642s ]
NOTIC: [2] session_start(): Cannot send session cookie - headers already sent by (output started at /Users/niuer/www/meipet/Application/Common/Conf/config.php:3) /Users/niuer/www/meipet/ThinkPHP/Common/functions.php 第 1092 行.
NOTIC: [2] session_start(): Cannot send session cache limiter - headers already sent (output started at /Users/niuer/www/meipet/Application/Common/Conf/config.php:3) /Users/niuer/www/meipet/ThinkPHP/Common/functions.php 第 1092 行.
INFO: [ view_parse ] --START--
INFO: [ template_filter ] --START--
INFO: Run Behavior\ContentReplace [ RunTime:0.000053s ]
INFO: [ template_filter ] --END-- [ RunTime:0.000088s ]
INFO: Run Behavior\ParseTemplate [ RunTime:0.006654s ]
INFO: [ view_parse ] --END-- [ RunTime:0.006691s ]
INFO: [ view_filter ] --START--
INFO: Run Behavior\WriteHtmlCache [ RunTime:0.000077s ]
INFO: [ view_filter ] --END-- [ RunTime:0.000100s ]
NOTIC: [2] Cannot modify header information - headers already sent by (output started at /Users/niuer/www/meipet/Application/Common/Conf/config.php:3) /Users/niuer/www/meipet/ThinkPHP/Library/Think/View.class.php 第 91 行.
NOTIC: [2] Cannot modify header information - headers already sent by (output started at /Users/niuer/www/meipet/Application/Common/Conf/config.php:3) /Users/niuer/www/meipet/ThinkPHP/Library/Think/View.class.php 第 92 行.
NOTIC: [2] Cannot modify header information - headers already sent by (output started at /Users/niuer/www/meipet/Application/Common/Conf/config.php:3) /Users/niuer/www/meipet/ThinkPHP/Library/Think/View.class.php 第 93 行.
INFO: [ app_end ] --START--
INFO: Run Behavior\ShowPageTrace [ RunTime:0.000266s ]
INFO: [ app_end ] --END-- [ RunTime:0.000295s ]

[ 2015-08-01T15:17:01+08:00 ] 192.168.0.100 /
INFO: [ app_begin ] --START--
INFO: Run Behavior\ReadHtmlCache [ RunTime:0.000242s ]
INFO: [ app_begin ] --END-- [ RunTime:0.000431s ]
NOTIC: [2] session_start(): Cannot send session cookie - headers already sent by (output started at /Users/niuer/www/meipet/Application/Common/Conf/config.php:3) /Users/niuer/www/meipet/ThinkPHP/Common/functions.php 第 1092 行.
NOTIC: [2] session_start(): Cannot send session cache limiter - headers already sent (output started at /Users/niuer/www/meipet/Application/Common/Conf/config.php:3) /Users/niuer/www/meipet/ThinkPHP/Common/functions.php 第 1092 行.
INFO: [ view_parse ] --START--
INFO: [ template_filter ] --START--
INFO: Run Behavior\ContentReplace [ RunTime:0.000034s ]
INFO: [ template_filter ] --END-- [ RunTime:0.000070s ]
INFO: Run Behavior\ParseTemplate [ RunTime:0.006442s ]
INFO: [ view_parse ] --END-- [ RunTime:0.006475s ]
INFO: [ view_filter ] --START--
INFO: Run Behavior\WriteHtmlCache [ RunTime:0.000074s ]
INFO: [ view_filter ] --END-- [ RunTime:0.000095s ]
NOTIC: [2] Cannot modify header information - headers already sent by (output started at /Users/niuer/www/meipet/Application/Common/Conf/config.php:3) /Users/niuer/www/meipet/ThinkPHP/Library/Think/View.class.php 第 91 行.
NOTIC: [2] Cannot modify header information - headers already sent by (output started at /Users/niuer/www/meipet/Application/Common/Conf/config.php:3) /Users/niuer/www/meipet/ThinkPHP/Library/Think/View.class.php 第 92 行.
NOTIC: [2] Cannot modify header information - headers already sent by (output started at /Users/niuer/www/meipet/Application/Common/Conf/config.php:3) /Users/niuer/www/meipet/ThinkPHP/Library/Think/View.class.php 第 93 行.
INFO: [ app_end ] --START--
INFO: Run Behavior\ShowPageTrace [ RunTime:0.000243s ]
INFO: [ app_end ] --END-- [ RunTime:0.000270s ]

[ 2015-08-01T15:22:31+08:00 ] 192.168.0.100 /
INFO: [ app_begin ] --START--
INFO: Run Behavior\ReadHtmlCache [ RunTime:0.000240s ]
INFO: [ app_begin ] --END-- [ RunTime:0.000434s ]
NOTIC: [2] session_start(): Cannot send session cookie - headers already sent by (output started at /Users/niuer/www/meipet/Application/Common/Conf/config.php:3) /Users/niuer/www/meipet/ThinkPHP/Common/functions.php 第 1092 行.
NOTIC: [2] session_start(): Cannot send session cache limiter - headers already sent (output started at /Users/niuer/www/meipet/Application/Common/Conf/config.php:3) /Users/niuer/www/meipet/ThinkPHP/Common/functions.php 第 1092 行.
INFO: [ view_parse ] --START--
INFO: [ template_filter ] --START--
INFO: Run Behavior\ContentReplace [ RunTime:0.000035s ]
INFO: [ template_filter ] --END-- [ RunTime:0.000071s ]
INFO: Run Behavior\ParseTemplate [ RunTime:0.006614s ]
INFO: [ view_parse ] --END-- [ RunTime:0.006649s ]
INFO: [ view_filter ] --START--
INFO: Run Behavior\WriteHtmlCache [ RunTime:0.000082s ]
INFO: [ view_filter ] --END-- [ RunTime:0.000105s ]
NOTIC: [2] Cannot modify header information - headers already sent by (output started at /Users/niuer/www/meipet/Application/Common/Conf/config.php:3) /Users/niuer/www/meipet/ThinkPHP/Library/Think/View.class.php 第 91 行.
NOTIC: [2] Cannot modify header information - headers already sent by (output started at /Users/niuer/www/meipet/Application/Common/Conf/config.php:3) /Users/niuer/www/meipet/ThinkPHP/Library/Think/View.class.php 第 92 行.
NOTIC: [2] Cannot modify header information - headers already sent by (output started at /Users/niuer/www/meipet/Application/Common/Conf/config.php:3) /Users/niuer/www/meipet/ThinkPHP/Library/Think/View.class.php 第 93 行.
INFO: [ app_end ] --START--
INFO: Run Behavior\ShowPageTrace [ RunTime:0.000264s ]
INFO: [ app_end ] --END-- [ RunTime:0.000292s ]

[ 2015-08-01T17:16:52+08:00 ] 192.168.0.100 /
INFO: [ app_begin ] --START--
INFO: Run Behavior\ReadHtmlCache [ RunTime:0.000241s ]
INFO: [ app_begin ] --END-- [ RunTime:0.000436s ]
NOTIC: [2] session_start(): Cannot send session cookie - headers already sent by (output started at /Users/niuer/www/meipet/Application/Common/Conf/config.php:3) /Users/niuer/www/meipet/ThinkPHP/Common/functions.php 第 1092 行.
NOTIC: [2] session_start(): Cannot send session cache limiter - headers already sent (output started at /Users/niuer/www/meipet/Application/Common/Conf/config.php:3) /Users/niuer/www/meipet/ThinkPHP/Common/functions.php 第 1092 行.
INFO: [ view_parse ] --START--
INFO: [ template_filter ] --START--
INFO: Run Behavior\ContentReplace [ RunTime:0.000052s ]
INFO: [ template_filter ] --END-- [ RunTime:0.000086s ]
INFO: Run Behavior\ParseTemplate [ RunTime:0.006556s ]
INFO: [ view_parse ] --END-- [ RunTime:0.006589s ]
INFO: [ view_filter ] --START--
INFO: Run Behavior\WriteHtmlCache [ RunTime:0.000082s ]
INFO: [ view_filter ] --END-- [ RunTime:0.000104s ]
NOTIC: [2] Cannot modify header information - headers already sent by (output started at /Users/niuer/www/meipet/Application/Common/Conf/config.php:3) /Users/niuer/www/meipet/ThinkPHP/Library/Think/View.class.php 第 91 行.
NOTIC: [2] Cannot modify header information - headers already sent by (output started at /Users/niuer/www/meipet/Application/Common/Conf/config.php:3) /Users/niuer/www/meipet/ThinkPHP/Library/Think/View.class.php 第 92 行.
NOTIC: [2] Cannot modify header information - headers already sent by (output started at /Users/niuer/www/meipet/Application/Common/Conf/config.php:3) /Users/niuer/www/meipet/ThinkPHP/Library/Think/View.class.php 第 93 行.
INFO: [ app_end ] --START--
INFO: Run Behavior\ShowPageTrace [ RunTime:0.000257s ]
INFO: [ app_end ] --END-- [ RunTime:0.000285s ]

[ 2015-08-01T17:16:54+08:00 ] 192.168.0.100 /
INFO: [ app_begin ] --START--
INFO: Run Behavior\ReadHtmlCache [ RunTime:0.000226s ]
INFO: [ app_begin ] --END-- [ RunTime:0.000406s ]
NOTIC: [2] session_start(): Cannot send session cookie - headers already sent by (output started at /Users/niuer/www/meipet/Application/Common/Conf/config.php:3) /Users/niuer/www/meipet/ThinkPHP/Common/functions.php 第 1092 行.
NOTIC: [2] session_start(): Cannot send session cache limiter - headers already sent (output started at /Users/niuer/www/meipet/Application/Common/Conf/config.php:3) /Users/niuer/www/meipet/ThinkPHP/Common/functions.php 第 1092 行.
INFO: [ view_parse ] --START--
INFO: [ template_filter ] --START--
INFO: Run Behavior\ContentReplace [ RunTime:0.000036s ]
INFO: [ template_filter ] --END-- [ RunTime:0.000083s ]
INFO: Run Behavior\ParseTemplate [ RunTime:0.009151s ]
INFO: [ view_parse ] --END-- [ RunTime:0.009209s ]
INFO: [ view_filter ] --START--
INFO: Run Behavior\WriteHtmlCache [ RunTime:0.000215s ]
INFO: [ view_filter ] --END-- [ RunTime:0.000266s ]
NOTIC: [2] Cannot modify header information - headers already sent by (output started at /Users/niuer/www/meipet/Application/Common/Conf/config.php:3) /Users/niuer/www/meipet/ThinkPHP/Library/Think/View.class.php 第 91 行.
NOTIC: [2] Cannot modify header information - headers already sent by (output started at /Users/niuer/www/meipet/Application/Common/Conf/config.php:3) /Users/niuer/www/meipet/ThinkPHP/Library/Think/View.class.php 第 92 行.
NOTIC: [2] Cannot modify header information - headers already sent by (output started at /Users/niuer/www/meipet/Application/Common/Conf/config.php:3) /Users/niuer/www/meipet/ThinkPHP/Library/Think/View.class.php 第 93 行.
INFO: [ app_end ] --START--
INFO: Run Behavior\ShowPageTrace [ RunTime:0.000468s ]
INFO: [ app_end ] --END-- [ RunTime:0.000526s ]

[ 2015-08-01T18:44:26+08:00 ] 127.0.0.1 /
INFO: [ app_begin ] --START--
INFO: Run Behavior\ReadHtmlCache [ RunTime:0.000545s ]
INFO: [ app_begin ] --END-- [ RunTime:0.001087s ]
NOTIC: [2] session_start(): Cannot send session cookie - headers already sent by (output started at /Users/niuer/www/meipet/Application/Common/Conf/config.php:3) /Users/niuer/www/meipet/ThinkPHP/Common/functions.php 第 1092 行.
NOTIC: [2] session_start(): Cannot send session cache limiter - headers already sent (output started at /Users/niuer/www/meipet/Application/Common/Conf/config.php:3) /Users/niuer/www/meipet/ThinkPHP/Common/functions.php 第 1092 行.
INFO: [ view_parse ] --START--
INFO: [ template_filter ] --START--
INFO: Run Behavior\ContentReplace [ RunTime:0.000060s ]
INFO: [ template_filter ] --END-- [ RunTime:0.000111s ]
INFO: Run Behavior\ParseTemplate [ RunTime:0.007687s ]
INFO: [ view_parse ] --END-- [ RunTime:0.007739s ]
INFO: [ view_filter ] --START--
INFO: Run Behavior\WriteHtmlCache [ RunTime:0.000111s ]
INFO: [ view_filter ] --END-- [ RunTime:0.000138s ]
NOTIC: [2] Cannot modify header information - headers already sent by (output started at /Users/niuer/www/meipet/Application/Common/Conf/config.php:3) /Users/niuer/www/meipet/ThinkPHP/Library/Think/View.class.php 第 91 行.
NOTIC: [2] Cannot modify header information - headers already sent by (output started at /Users/niuer/www/meipet/Application/Common/Conf/config.php:3) /Users/niuer/www/meipet/ThinkPHP/Library/Think/View.class.php 第 92 行.
NOTIC: [2] Cannot modify header information - headers already sent by (output started at /Users/niuer/www/meipet/Application/Common/Conf/config.php:3) /Users/niuer/www/meipet/ThinkPHP/Library/Think/View.class.php 第 93 行.
INFO: [ app_end ] --START--
INFO: Run Behavior\ShowPageTrace [ RunTime:0.000426s ]
INFO: [ app_end ] --END-- [ RunTime:0.000475s ]

[ 2015-08-01T18:45:44+08:00 ] 127.0.0.1 /
INFO: [ app_begin ] --START--
INFO: Run Behavior\ReadHtmlCache [ RunTime:0.001042s ]
INFO: [ app_begin ] --END-- [ RunTime:0.001729s ]
NOTIC: [2] session_start(): Cannot send session cookie - headers already sent by (output started at /Users/niuer/www/meipet/Application/Common/Conf/config.php:3) /Users/niuer/www/meipet/ThinkPHP/Common/functions.php 第 1092 行.
NOTIC: [2] session_start(): Cannot send session cache limiter - headers already sent (output started at /Users/niuer/www/meipet/Application/Common/Conf/config.php:3) /Users/niuer/www/meipet/ThinkPHP/Common/functions.php 第 1092 行.
INFO: [ view_parse ] --START--
INFO: [ template_filter ] --START--
INFO: Run Behavior\ContentReplace [ RunTime:0.000068s ]
INFO: [ template_filter ] --END-- [ RunTime:0.000122s ]
INFO: Run Behavior\ParseTemplate [ RunTime:0.012537s ]
INFO: [ view_parse ] --END-- [ RunTime:0.012597s ]
INFO: [ view_filter ] --START--
INFO: Run Behavior\WriteHtmlCache [ RunTime:0.000106s ]
INFO: [ view_filter ] --END-- [ RunTime:0.000134s ]
NOTIC: [2] Cannot modify header information - headers already sent by (output started at /Users/niuer/www/meipet/Application/Common/Conf/config.php:3) /Users/niuer/www/meipet/ThinkPHP/Library/Think/View.class.php 第 91 行.
NOTIC: [2] Cannot modify header information - headers already sent by (output started at /Users/niuer/www/meipet/Application/Common/Conf/config.php:3) /Users/niuer/www/meipet/ThinkPHP/Library/Think/View.class.php 第 92 行.
NOTIC: [2] Cannot modify header information - headers already sent by (output started at /Users/niuer/www/meipet/Application/Common/Conf/config.php:3) /Users/niuer/www/meipet/ThinkPHP/Library/Think/View.class.php 第 93 行.
INFO: [ app_end ] --START--
INFO: Run Behavior\ShowPageTrace [ RunTime:0.000410s ]
INFO: [ app_end ] --END-- [ RunTime:0.000454s ]

[ 2015-08-01T21:31:10+08:00 ] 127.0.0.1 /
INFO: [ app_begin ] --START--
INFO: Run Behavior\ReadHtmlCache [ RunTime:0.001546s ]
INFO: [ app_begin ] --END-- [ RunTime:0.003313s ]
NOTIC: [2] session_start(): Cannot send session cookie - headers already sent by (output started at /Users/niuer/www/meipet/Application/Common/Conf/config.php:3) /Users/niuer/www/meipet/ThinkPHP/Common/functions.php 第 1092 行.
NOTIC: [2] session_start(): Cannot send session cache limiter - headers already sent (output started at /Users/niuer/www/meipet/Application/Common/Conf/config.php:3) /Users/niuer/www/meipet/ThinkPHP/Common/functions.php 第 1092 行.
INFO: [ view_parse ] --START--
INFO: [ template_filter ] --START--
INFO: Run Behavior\ContentReplace [ RunTime:0.000064s ]
INFO: [ template_filter ] --END-- [ RunTime:0.000144s ]
INFO: Run Behavior\ParseTemplate [ RunTime:0.016365s ]
INFO: [ view_parse ] --END-- [ RunTime:0.016416s ]
INFO: [ view_filter ] --START--
INFO: Run Behavior\WriteHtmlCache [ RunTime:0.000636s ]
INFO: [ view_filter ] --END-- [ RunTime:0.000676s ]
NOTIC: [2] Cannot modify header information - headers already sent by (output started at /Users/niuer/www/meipet/Application/Common/Conf/config.php:3) /Users/niuer/www/meipet/ThinkPHP/Library/Think/View.class.php 第 91 行.
NOTIC: [2] Cannot modify header information - headers already sent by (output started at /Users/niuer/www/meipet/Application/Common/Conf/config.php:3) /Users/niuer/www/meipet/ThinkPHP/Library/Think/View.class.php 第 92 行.
NOTIC: [2] Cannot modify header information - headers already sent by (output started at /Users/niuer/www/meipet/Application/Common/Conf/config.php:3) /Users/niuer/www/meipet/ThinkPHP/Library/Think/View.class.php 第 93 行.
INFO: [ app_end ] --START--
INFO: Run Behavior\ShowPageTrace [ RunTime:0.000779s ]
INFO: [ app_end ] --END-- [ RunTime:0.000844s ]

