[ 2015-07-12T09:39:18+08:00 ] 127.0.0.1 /index.php/home/index/list
INFO: [ app_begin ] --START--
INFO: Run Behavior\ReadHtmlCache [ RunTime:0.001669s ]
INFO: [ app_begin ] --END-- [ RunTime:0.003441s ]
NOTIC: [2] session_start(): Cannot send session cookie - headers already sent by (output started at /Users/niuer/www/meipet/Application/Common/Conf/config.php:3) /Users/niuer/www/meipet/ThinkPHP/Common/functions.php 第 1092 行.
NOTIC: [2] session_start(): Cannot send session cache limiter - headers already sent (output started at /Users/niuer/www/meipet/Application/Common/Conf/config.php:3) /Users/niuer/www/meipet/ThinkPHP/Common/functions.php 第 1092 行.
INFO: [ view_parse ] --START--
INFO: [ template_filter ] --START--
INFO: Run Behavior\ContentReplace [ RunTime:0.000037s ]
INFO: [ template_filter ] --END-- [ RunTime:0.000116s ]
INFO: Run Behavior\ParseTemplate [ RunTime:0.013520s ]
INFO: [ view_parse ] --END-- [ RunTime:0.013568s ]
INFO: [ view_filter ] --START--
INFO: Run Behavior\WriteHtmlCache [ RunTime:0.001089s ]
INFO: [ view_filter ] --END-- [ RunTime:0.001164s ]
NOTIC: [2] Cannot modify header information - headers already sent by (output started at /Users/niuer/www/meipet/Application/Common/Conf/config.php:3) /Users/niuer/www/meipet/ThinkPHP/Library/Think/View.class.php 第 91 行.
NOTIC: [2] Cannot modify header information - headers already sent by (output started at /Users/niuer/www/meipet/Application/Common/Conf/config.php:3) /Users/niuer/www/meipet/ThinkPHP/Library/Think/View.class.php 第 92 行.
NOTIC: [2] Cannot modify header information - headers already sent by (output started at /Users/niuer/www/meipet/Application/Common/Conf/config.php:3) /Users/niuer/www/meipet/ThinkPHP/Library/Think/View.class.php 第 93 行.
INFO: [ app_end ] --START--
INFO: Run Behavior\ShowPageTrace [ RunTime:0.001556s ]
INFO: [ app_end ] --END-- [ RunTime:0.001594s ]

[ 2015-07-12T13:13:22+08:00 ] 127.0.0.1 /
INFO: [ app_begin ] --START--
INFO: Run Behavior\ReadHtmlCache [ RunTime:0.000552s ]
INFO: [ app_begin ] --END-- [ RunTime:0.001829s ]
NOTIC: [2] session_start(): Cannot send session cookie - headers already sent by (output started at /Users/niuer/www/meipet/Application/Common/Conf/config.php:3) /Users/niuer/www/meipet/ThinkPHP/Common/functions.php 第 1092 行.
NOTIC: [2] session_start(): Cannot send session cache limiter - headers already sent (output started at /Users/niuer/www/meipet/Application/Common/Conf/config.php:3) /Users/niuer/www/meipet/ThinkPHP/Common/functions.php 第 1092 行.
INFO: [ view_parse ] --START--
INFO: [ template_filter ] --START--
INFO: Run Behavior\ContentReplace [ RunTime:0.000046s ]
INFO: [ template_filter ] --END-- [ RunTime:0.000108s ]
INFO: Run Behavior\ParseTemplate [ RunTime:0.016281s ]
INFO: [ view_parse ] --END-- [ RunTime:0.016321s ]
INFO: [ view_filter ] --START--
INFO: Run Behavior\WriteHtmlCache [ RunTime:0.001189s ]
INFO: [ view_filter ] --END-- [ RunTime:0.001262s ]
NOTIC: [2] Cannot modify header information - headers already sent by (output started at /Users/niuer/www/meipet/Application/Common/Conf/config.php:3) /Users/niuer/www/meipet/ThinkPHP/Library/Think/View.class.php 第 91 行.
NOTIC: [2] Cannot modify header information - headers already sent by (output started at /Users/niuer/www/meipet/Application/Common/Conf/config.php:3) /Users/niuer/www/meipet/ThinkPHP/Library/Think/View.class.php 第 92 行.
NOTIC: [2] Cannot modify header information - headers already sent by (output started at /Users/niuer/www/meipet/Application/Common/Conf/config.php:3) /Users/niuer/www/meipet/ThinkPHP/Library/Think/View.class.php 第 93 行.
INFO: [ app_end ] --START--
INFO: Run Behavior\ShowPageTrace [ RunTime:0.002112s ]
INFO: [ app_end ] --END-- [ RunTime:0.002202s ]

